2025/07/03 23:16:44 [emerg] 1#1: host not found in upstream "backend-1:8000" in /etc/nginx/nginx.conf:63
2025/07/03 23:16:45 [emerg] 1#1: host not found in upstream "backend-1:8000" in /etc/nginx/nginx.conf:63
2025/07/03 23:16:46 [emerg] 1#1: host not found in upstream "backend-1:8000" in /etc/nginx/nginx.conf:63
2025/07/03 23:16:46 [emerg] 1#1: host not found in upstream "backend-1:8000" in /etc/nginx/nginx.conf:63
2025/07/03 23:16:47 [emerg] 1#1: host not found in upstream "backend-1:8000" in /etc/nginx/nginx.conf:63
2025/07/03 23:16:49 [emerg] 1#1: host not found in upstream "backend-1:8000" in /etc/nginx/nginx.conf:63
2025/07/03 23:16:53 [emerg] 1#1: host not found in upstream "backend-1:8000" in /etc/nginx/nginx.conf:63
2025/07/03 23:17:00 [emerg] 1#1: host not found in upstream "backend-1:8000" in /etc/nginx/nginx.conf:63
2025/07/03 23:17:13 [emerg] 1#1: host not found in upstream "backend-1:8000" in /etc/nginx/nginx.conf:63
2025/07/03 23:17:39 [emerg] 1#1: host not found in upstream "backend-1:8000" in /etc/nginx/nginx.conf:63
2025/07/03 23:18:30 [emerg] 1#1: host not found in upstream "backend-1:8000" in /etc/nginx/nginx.conf:63
2025/07/03 23:19:49 [emerg] 1#1: host not found in upstream "backend-1:8000" in /etc/nginx/nginx.conf:63
2025/07/03 23:19:50 [emerg] 1#1: host not found in upstream "backend-1:8000" in /etc/nginx/nginx.conf:63
2025/07/03 23:19:50 [emerg] 1#1: host not found in upstream "backend-1:8000" in /etc/nginx/nginx.conf:63
2025/07/03 23:19:52 [emerg] 1#1: host not found in upstream "backend-1:8000" in /etc/nginx/nginx.conf:63
2025/07/03 23:19:53 [emerg] 1#1: host not found in upstream "backend-1:8000" in /etc/nginx/nginx.conf:63
2025/07/03 23:19:55 [emerg] 1#1: host not found in upstream "backend-1:8000" in /etc/nginx/nginx.conf:63
2025/07/03 23:19:58 [emerg] 1#1: host not found in upstream "backend-1:8000" in /etc/nginx/nginx.conf:63
2025/07/03 23:20:05 [emerg] 1#1: host not found in upstream "backend-1:8000" in /etc/nginx/nginx.conf:63
2025/07/03 23:21:48 [warn] 21#21: *3 an upstream response is buffered to a temporary file /var/cache/nginx/proxy_temp/1/00/0000000001 while reading upstream, client: 172.20.0.1, server: localhost, request: "GET /favicon.ico?favicon.929e214e.ico HTTP/1.1", upstream: "http://172.20.0.5:3000/favicon.ico?favicon.929e214e.ico", host: "localhost", referrer: "http://localhost/"
2025/07/03 23:44:51 [warn] 21#21: *84 an upstream response is buffered to a temporary file /var/cache/nginx/proxy_temp/2/00/0000000002 while reading upstream, client: 172.20.0.1, server: localhost, request: "GET /favicon.ico HTTP/1.1", upstream: "http://172.20.0.5:3000/favicon.ico", host: "localhost", referrer: "http://localhost/api/docs"
2025/07/18 06:42:57 [emerg] 1#1: host not found in upstream "backend:8000" in /etc/nginx/nginx.conf:63
2025/07/18 06:43:02 [emerg] 1#1: host not found in upstream "backend:8000" in /etc/nginx/nginx.conf:63
2025/07/18 06:43:08 [emerg] 1#1: host not found in upstream "backend:8000" in /etc/nginx/nginx.conf:63
2025/07/18 06:43:13 [emerg] 1#1: host not found in upstream "backend:8000" in /etc/nginx/nginx.conf:63
2025/07/18 06:43:19 [emerg] 1#1: host not found in upstream "backend:8000" in /etc/nginx/nginx.conf:63
2025/07/18 06:43:26 [emerg] 1#1: host not found in upstream "backend:8000" in /etc/nginx/nginx.conf:63
2025/07/18 06:43:34 [emerg] 1#1: host not found in upstream "backend:8000" in /etc/nginx/nginx.conf:63
2025/07/18 06:43:46 [emerg] 1#1: host not found in upstream "backend:8000" in /etc/nginx/nginx.conf:63
2025/07/18 06:44:04 [emerg] 1#1: host not found in upstream "backend:8000" in /etc/nginx/nginx.conf:63
2025/07/18 06:44:35 [emerg] 1#1: host not found in upstream "backend:8000" in /etc/nginx/nginx.conf:63
2025/07/18 06:45:31 [emerg] 1#1: host not found in upstream "backend:8000" in /etc/nginx/nginx.conf:63
2025/07/18 06:46:44 [emerg] 1#1: host not found in upstream "backend:8000" in /etc/nginx/nginx.conf:63
2025/07/18 06:46:50 [emerg] 1#1: host not found in upstream "backend:8000" in /etc/nginx/nginx.conf:63
2025/07/18 06:46:55 [emerg] 1#1: host not found in upstream "backend:8000" in /etc/nginx/nginx.conf:63
2025/07/18 06:47:01 [emerg] 1#1: host not found in upstream "backend:8000" in /etc/nginx/nginx.conf:63
2025/07/18 06:47:07 [emerg] 1#1: host not found in upstream "backend:8000" in /etc/nginx/nginx.conf:63
2025/07/18 06:47:13 [emerg] 1#1: host not found in upstream "backend:8000" in /etc/nginx/nginx.conf:63
2025/07/18 06:47:22 [emerg] 1#1: host not found in upstream "backend:8000" in /etc/nginx/nginx.conf:63
2025/07/18 06:47:33 [emerg] 1#1: host not found in upstream "backend:8000" in /etc/nginx/nginx.conf:63
2025/07/18 06:47:52 [emerg] 1#1: host not found in upstream "backend:8000" in /etc/nginx/nginx.conf:63
2025/07/18 06:48:22 [emerg] 1#1: host not found in upstream "backend:8000" in /etc/nginx/nginx.conf:63
2025/07/18 06:50:36 [emerg] 1#1: host not found in upstream "backend:8000" in /etc/nginx/nginx.conf:63
2025/07/18 06:50:42 [emerg] 1#1: host not found in upstream "backend:8000" in /etc/nginx/nginx.conf:63
2025/07/18 06:50:47 [emerg] 1#1: host not found in upstream "backend:8000" in /etc/nginx/nginx.conf:63
2025/07/18 06:50:53 [emerg] 1#1: host not found in upstream "backend:8000" in /etc/nginx/nginx.conf:63
2025/07/18 06:50:59 [emerg] 1#1: host not found in upstream "backend:8000" in /etc/nginx/nginx.conf:63
2025/07/18 06:51:06 [emerg] 1#1: host not found in upstream "backend:8000" in /etc/nginx/nginx.conf:63
2025/07/18 06:51:14 [emerg] 1#1: host not found in upstream "backend:8000" in /etc/nginx/nginx.conf:63
2025/07/18 06:51:26 [emerg] 1#1: host not found in upstream "backend:8000" in /etc/nginx/nginx.conf:63
2025/07/18 06:51:44 [emerg] 1#1: host not found in upstream "backend:8000" in /etc/nginx/nginx.conf:63
2025/07/18 06:52:15 [emerg] 1#1: host not found in upstream "backend:8000" in /etc/nginx/nginx.conf:63
2025/07/18 06:53:11 [emerg] 1#1: host not found in upstream "backend:8000" in /etc/nginx/nginx.conf:63
2025/07/18 06:54:16 [emerg] 1#1: host not found in upstream "backend:8000" in /etc/nginx/nginx.conf:63
2025/07/18 06:54:21 [emerg] 1#1: host not found in upstream "backend:8000" in /etc/nginx/nginx.conf:63
2025/07/18 06:54:27 [emerg] 1#1: host not found in upstream "backend:8000" in /etc/nginx/nginx.conf:63
2025/07/18 06:54:32 [emerg] 1#1: host not found in upstream "backend:8000" in /etc/nginx/nginx.conf:63
2025/07/18 06:54:38 [emerg] 1#1: host not found in upstream "backend:8000" in /etc/nginx/nginx.conf:63
2025/07/18 06:54:45 [emerg] 1#1: host not found in upstream "backend:8000" in /etc/nginx/nginx.conf:63
2025/07/18 06:54:53 [emerg] 1#1: host not found in upstream "backend:8000" in /etc/nginx/nginx.conf:63
2025/07/18 06:55:05 [emerg] 1#1: host not found in upstream "backend:8000" in /etc/nginx/nginx.conf:63
2025/07/18 06:55:23 [emerg] 1#1: host not found in upstream "backend:8000" in /etc/nginx/nginx.conf:63
2025/07/18 06:55:54 [emerg] 1#1: host not found in upstream "backend:8000" in /etc/nginx/nginx.conf:63
2025/07/18 06:56:50 [emerg] 1#1: host not found in upstream "backend:8000" in /etc/nginx/nginx.conf:63
2025/07/18 06:57:55 [emerg] 1#1: host not found in upstream "backend:8000" in /etc/nginx/nginx.conf:63
2025/07/18 06:59:00 [emerg] 1#1: host not found in upstream "backend:8000" in /etc/nginx/nginx.conf:63
2025/07/18 07:00:06 [emerg] 1#1: host not found in upstream "backend:8000" in /etc/nginx/nginx.conf:63
2025/07/18 07:01:11 [emerg] 1#1: host not found in upstream "backend:8000" in /etc/nginx/nginx.conf:63
2025/07/18 07:02:16 [emerg] 1#1: host not found in upstream "backend:8000" in /etc/nginx/nginx.conf:63
2025/07/18 07:03:21 [emerg] 1#1: host not found in upstream "backend:8000" in /etc/nginx/nginx.conf:63
2025/07/18 07:04:26 [emerg] 1#1: host not found in upstream "backend:8000" in /etc/nginx/nginx.conf:63
2025/07/18 07:05:31 [emerg] 1#1: host not found in upstream "backend:8000" in /etc/nginx/nginx.conf:63
2025/07/18 07:06:37 [emerg] 1#1: host not found in upstream "backend:8000" in /etc/nginx/nginx.conf:63
2025/07/18 07:07:42 [emerg] 1#1: host not found in upstream "backend:8000" in /etc/nginx/nginx.conf:63
2025/07/18 07:08:47 [emerg] 1#1: host not found in upstream "backend:8000" in /etc/nginx/nginx.conf:63
2025/07/18 07:09:52 [emerg] 1#1: host not found in upstream "backend:8000" in /etc/nginx/nginx.conf:63
2025/07/18 07:10:57 [emerg] 1#1: host not found in upstream "backend:8000" in /etc/nginx/nginx.conf:63
2025/07/18 07:12:02 [emerg] 1#1: host not found in upstream "backend:8000" in /etc/nginx/nginx.conf:63
2025/07/18 07:13:08 [emerg] 1#1: host not found in upstream "backend:8000" in /etc/nginx/nginx.conf:63
2025/07/18 07:14:13 [emerg] 1#1: host not found in upstream "backend:8000" in /etc/nginx/nginx.conf:63
2025/07/18 07:15:18 [emerg] 1#1: host not found in upstream "backend:8000" in /etc/nginx/nginx.conf:63
2025/07/18 07:16:23 [emerg] 1#1: host not found in upstream "backend:8000" in /etc/nginx/nginx.conf:63
2025/07/18 07:17:28 [emerg] 1#1: host not found in upstream "backend:8000" in /etc/nginx/nginx.conf:63
2025/07/18 07:18:33 [emerg] 1#1: host not found in upstream "backend:8000" in /etc/nginx/nginx.conf:63
2025/07/18 07:19:39 [emerg] 1#1: host not found in upstream "backend:8000" in /etc/nginx/nginx.conf:63
2025/07/18 07:20:44 [emerg] 1#1: host not found in upstream "backend:8000" in /etc/nginx/nginx.conf:63
2025/07/18 07:21:49 [emerg] 1#1: host not found in upstream "backend:8000" in /etc/nginx/nginx.conf:63
2025/07/18 07:22:54 [emerg] 1#1: host not found in upstream "backend:8000" in /etc/nginx/nginx.conf:63
2025/07/18 07:23:59 [emerg] 1#1: host not found in upstream "backend:8000" in /etc/nginx/nginx.conf:63
2025/07/18 07:25:04 [emerg] 1#1: host not found in upstream "backend:8000" in /etc/nginx/nginx.conf:63
2025/07/18 07:26:09 [emerg] 1#1: host not found in upstream "backend:8000" in /etc/nginx/nginx.conf:63
2025/07/18 07:27:15 [emerg] 1#1: host not found in upstream "backend:8000" in /etc/nginx/nginx.conf:63
2025/07/18 07:28:20 [emerg] 1#1: host not found in upstream "backend:8000" in /etc/nginx/nginx.conf:63
2025/07/18 07:29:25 [emerg] 1#1: host not found in upstream "backend:8000" in /etc/nginx/nginx.conf:63
2025/07/18 07:30:30 [emerg] 1#1: host not found in upstream "backend:8000" in /etc/nginx/nginx.conf:63
2025/07/18 07:31:35 [emerg] 1#1: host not found in upstream "backend:8000" in /etc/nginx/nginx.conf:63
2025/07/18 07:32:40 [emerg] 1#1: host not found in upstream "backend:8000" in /etc/nginx/nginx.conf:63
2025/07/18 07:33:46 [emerg] 1#1: host not found in upstream "backend:8000" in /etc/nginx/nginx.conf:63
2025/07/18 07:34:51 [emerg] 1#1: host not found in upstream "backend:8000" in /etc/nginx/nginx.conf:63
2025/07/18 07:35:56 [emerg] 1#1: host not found in upstream "backend:8000" in /etc/nginx/nginx.conf:63
2025/07/18 07:37:01 [emerg] 1#1: host not found in upstream "backend:8000" in /etc/nginx/nginx.conf:63
2025/07/18 07:38:06 [emerg] 1#1: host not found in upstream "backend:8000" in /etc/nginx/nginx.conf:63
2025/07/18 07:39:11 [emerg] 1#1: host not found in upstream "backend:8000" in /etc/nginx/nginx.conf:63
2025/07/18 07:40:17 [emerg] 1#1: host not found in upstream "backend:8000" in /etc/nginx/nginx.conf:63
2025/07/18 07:41:22 [emerg] 1#1: host not found in upstream "backend:8000" in /etc/nginx/nginx.conf:63
2025/07/18 07:42:27 [emerg] 1#1: host not found in upstream "backend:8000" in /etc/nginx/nginx.conf:63
2025/07/18 07:43:32 [emerg] 1#1: host not found in upstream "backend:8000" in /etc/nginx/nginx.conf:63
2025/07/18 07:44:37 [emerg] 1#1: host not found in upstream "backend:8000" in /etc/nginx/nginx.conf:63
2025/07/18 07:45:42 [emerg] 1#1: host not found in upstream "backend:8000" in /etc/nginx/nginx.conf:63
2025/07/18 07:46:48 [emerg] 1#1: host not found in upstream "backend:8000" in /etc/nginx/nginx.conf:63
2025/07/18 07:47:53 [emerg] 1#1: host not found in upstream "backend:8000" in /etc/nginx/nginx.conf:63
2025/07/18 07:48:58 [emerg] 1#1: host not found in upstream "backend:8000" in /etc/nginx/nginx.conf:63
2025/07/18 07:50:03 [emerg] 1#1: host not found in upstream "backend:8000" in /etc/nginx/nginx.conf:63
2025/07/18 07:51:08 [emerg] 1#1: host not found in upstream "backend:8000" in /etc/nginx/nginx.conf:63
2025/07/18 07:52:13 [emerg] 1#1: host not found in upstream "backend:8000" in /etc/nginx/nginx.conf:63
2025/07/18 07:53:19 [emerg] 1#1: host not found in upstream "backend:8000" in /etc/nginx/nginx.conf:63
2025/07/18 07:54:24 [emerg] 1#1: host not found in upstream "backend:8000" in /etc/nginx/nginx.conf:63
2025/07/18 07:55:29 [emerg] 1#1: host not found in upstream "backend:8000" in /etc/nginx/nginx.conf:63
2025/07/18 07:56:34 [emerg] 1#1: host not found in upstream "backend:8000" in /etc/nginx/nginx.conf:63
2025/07/18 07:57:39 [emerg] 1#1: host not found in upstream "backend:8000" in /etc/nginx/nginx.conf:63
2025/07/18 07:58:44 [emerg] 1#1: host not found in upstream "backend:8000" in /etc/nginx/nginx.conf:63
2025/07/18 07:59:49 [emerg] 1#1: host not found in upstream "backend:8000" in /etc/nginx/nginx.conf:63
2025/07/18 08:00:55 [emerg] 1#1: host not found in upstream "backend:8000" in /etc/nginx/nginx.conf:63
2025/07/18 08:02:00 [emerg] 1#1: host not found in upstream "backend:8000" in /etc/nginx/nginx.conf:63
2025/07/18 08:03:05 [emerg] 1#1: host not found in upstream "backend:8000" in /etc/nginx/nginx.conf:63
2025/07/18 08:04:10 [emerg] 1#1: host not found in upstream "backend:8000" in /etc/nginx/nginx.conf:63
2025/07/18 08:05:15 [emerg] 1#1: host not found in upstream "backend:8000" in /etc/nginx/nginx.conf:63
2025/07/18 08:06:20 [emerg] 1#1: host not found in upstream "backend:8000" in /etc/nginx/nginx.conf:63
2025/07/18 08:07:26 [emerg] 1#1: host not found in upstream "backend:8000" in /etc/nginx/nginx.conf:63
2025/07/18 08:08:31 [emerg] 1#1: host not found in upstream "backend:8000" in /etc/nginx/nginx.conf:63
2025/07/18 08:09:36 [emerg] 1#1: host not found in upstream "backend:8000" in /etc/nginx/nginx.conf:63
2025/07/18 08:10:41 [emerg] 1#1: host not found in upstream "backend:8000" in /etc/nginx/nginx.conf:63
2025/07/18 08:11:46 [emerg] 1#1: host not found in upstream "backend:8000" in /etc/nginx/nginx.conf:63
2025/07/18 08:12:52 [emerg] 1#1: host not found in upstream "backend:8000" in /etc/nginx/nginx.conf:63
2025/07/18 08:13:57 [emerg] 1#1: host not found in upstream "backend:8000" in /etc/nginx/nginx.conf:63
2025/07/18 08:15:02 [emerg] 1#1: host not found in upstream "backend:8000" in /etc/nginx/nginx.conf:63
2025/07/18 08:16:08 [emerg] 1#1: host not found in upstream "backend:8000" in /etc/nginx/nginx.conf:63
2025/07/18 08:17:13 [emerg] 1#1: host not found in upstream "backend:8000" in /etc/nginx/nginx.conf:63
2025/07/18 08:18:18 [emerg] 1#1: host not found in upstream "backend:8000" in /etc/nginx/nginx.conf:63
2025/07/18 08:19:23 [emerg] 1#1: host not found in upstream "backend:8000" in /etc/nginx/nginx.conf:63
2025/07/18 08:20:28 [emerg] 1#1: host not found in upstream "backend:8000" in /etc/nginx/nginx.conf:63
2025/07/18 08:21:34 [emerg] 1#1: host not found in upstream "backend:8000" in /etc/nginx/nginx.conf:63
2025/07/18 08:22:39 [emerg] 1#1: host not found in upstream "backend:8000" in /etc/nginx/nginx.conf:63
2025/07/18 08:23:44 [emerg] 1#1: host not found in upstream "backend:8000" in /etc/nginx/nginx.conf:63
2025/07/18 08:24:50 [emerg] 1#1: host not found in upstream "backend:8000" in /etc/nginx/nginx.conf:63
2025/07/18 08:25:55 [emerg] 1#1: host not found in upstream "backend:8000" in /etc/nginx/nginx.conf:63
2025/07/18 08:27:00 [emerg] 1#1: host not found in upstream "backend:8000" in /etc/nginx/nginx.conf:63
2025/07/18 08:28:05 [emerg] 1#1: host not found in upstream "backend:8000" in /etc/nginx/nginx.conf:63
2025/07/18 08:29:11 [emerg] 1#1: host not found in upstream "backend:8000" in /etc/nginx/nginx.conf:63
2025/07/18 08:30:16 [emerg] 1#1: host not found in upstream "backend:8000" in /etc/nginx/nginx.conf:63
2025/07/18 08:31:21 [emerg] 1#1: host not found in upstream "backend:8000" in /etc/nginx/nginx.conf:63
2025/07/18 08:32:26 [emerg] 1#1: host not found in upstream "backend:8000" in /etc/nginx/nginx.conf:63
2025/07/18 08:33:32 [emerg] 1#1: host not found in upstream "backend:8000" in /etc/nginx/nginx.conf:63
2025/07/18 08:34:37 [emerg] 1#1: host not found in upstream "backend:8000" in /etc/nginx/nginx.conf:63
2025/07/18 08:35:42 [emerg] 1#1: host not found in upstream "backend:8000" in /etc/nginx/nginx.conf:63
2025/07/18 08:36:47 [emerg] 1#1: host not found in upstream "backend:8000" in /etc/nginx/nginx.conf:63
2025/07/18 08:37:53 [emerg] 1#1: host not found in upstream "backend:8000" in /etc/nginx/nginx.conf:63
2025/07/18 08:38:58 [emerg] 1#1: host not found in upstream "backend:8000" in /etc/nginx/nginx.conf:63
2025/07/18 08:40:03 [emerg] 1#1: host not found in upstream "backend:8000" in /etc/nginx/nginx.conf:63
2025/07/18 08:41:08 [emerg] 1#1: host not found in upstream "backend:8000" in /etc/nginx/nginx.conf:63
2025/07/18 08:42:13 [emerg] 1#1: host not found in upstream "backend:8000" in /etc/nginx/nginx.conf:63
2025/07/18 08:43:19 [emerg] 1#1: host not found in upstream "backend:8000" in /etc/nginx/nginx.conf:63
2025/07/18 08:44:24 [emerg] 1#1: host not found in upstream "backend:8000" in /etc/nginx/nginx.conf:63
2025/07/18 08:45:29 [emerg] 1#1: host not found in upstream "backend:8000" in /etc/nginx/nginx.conf:63
2025/07/18 08:46:34 [emerg] 1#1: host not found in upstream "backend:8000" in /etc/nginx/nginx.conf:63
2025/07/18 08:47:40 [emerg] 1#1: host not found in upstream "backend:8000" in /etc/nginx/nginx.conf:63
2025/07/18 08:48:45 [emerg] 1#1: host not found in upstream "backend:8000" in /etc/nginx/nginx.conf:63
2025/07/18 08:49:50 [emerg] 1#1: host not found in upstream "backend:8000" in /etc/nginx/nginx.conf:63
2025/07/18 08:50:56 [emerg] 1#1: host not found in upstream "backend:8000" in /etc/nginx/nginx.conf:63
2025/07/18 08:52:01 [emerg] 1#1: host not found in upstream "backend:8000" in /etc/nginx/nginx.conf:63
2025/07/18 08:53:06 [emerg] 1#1: host not found in upstream "backend:8000" in /etc/nginx/nginx.conf:63
2025/07/18 08:54:12 [emerg] 1#1: host not found in upstream "backend:8000" in /etc/nginx/nginx.conf:63
2025/07/18 08:55:17 [emerg] 1#1: host not found in upstream "backend:8000" in /etc/nginx/nginx.conf:63
2025/07/18 08:56:22 [emerg] 1#1: host not found in upstream "backend:8000" in /etc/nginx/nginx.conf:63
2025/07/18 08:57:27 [emerg] 1#1: host not found in upstream "backend:8000" in /etc/nginx/nginx.conf:63
2025/07/18 08:58:33 [emerg] 1#1: host not found in upstream "backend:8000" in /etc/nginx/nginx.conf:63
2025/07/18 08:59:38 [emerg] 1#1: host not found in upstream "backend:8000" in /etc/nginx/nginx.conf:63
2025/07/18 09:00:43 [emerg] 1#1: host not found in upstream "backend:8000" in /etc/nginx/nginx.conf:63
2025/07/18 09:01:48 [emerg] 1#1: host not found in upstream "backend:8000" in /etc/nginx/nginx.conf:63
2025/07/18 09:02:54 [emerg] 1#1: host not found in upstream "backend:8000" in /etc/nginx/nginx.conf:63
2025/07/18 09:03:59 [emerg] 1#1: host not found in upstream "backend:8000" in /etc/nginx/nginx.conf:63
2025/07/18 09:05:04 [emerg] 1#1: host not found in upstream "backend:8000" in /etc/nginx/nginx.conf:63
2025/07/18 09:06:10 [emerg] 1#1: host not found in upstream "backend:8000" in /etc/nginx/nginx.conf:63
2025/07/18 09:07:15 [emerg] 1#1: host not found in upstream "backend:8000" in /etc/nginx/nginx.conf:63
2025/07/18 09:08:20 [emerg] 1#1: host not found in upstream "backend:8000" in /etc/nginx/nginx.conf:63
2025/07/18 09:09:25 [emerg] 1#1: host not found in upstream "backend:8000" in /etc/nginx/nginx.conf:63
2025/07/18 09:10:31 [emerg] 1#1: host not found in upstream "backend:8000" in /etc/nginx/nginx.conf:63
2025/07/18 09:11:36 [emerg] 1#1: host not found in upstream "backend:8000" in /etc/nginx/nginx.conf:63
2025/07/18 09:12:41 [emerg] 1#1: host not found in upstream "backend:8000" in /etc/nginx/nginx.conf:63
2025/07/18 09:13:46 [emerg] 1#1: host not found in upstream "backend:8000" in /etc/nginx/nginx.conf:63
2025/07/18 09:14:52 [emerg] 1#1: host not found in upstream "backend:8000" in /etc/nginx/nginx.conf:63
2025/07/18 09:15:57 [emerg] 1#1: host not found in upstream "backend:8000" in /etc/nginx/nginx.conf:63
2025/07/18 09:17:02 [emerg] 1#1: host not found in upstream "backend:8000" in /etc/nginx/nginx.conf:63
2025/07/18 09:18:07 [emerg] 1#1: host not found in upstream "backend:8000" in /etc/nginx/nginx.conf:63
2025/07/18 09:19:13 [emerg] 1#1: host not found in upstream "backend:8000" in /etc/nginx/nginx.conf:63
2025/07/18 09:20:18 [emerg] 1#1: host not found in upstream "backend:8000" in /etc/nginx/nginx.conf:63
2025/07/18 09:21:23 [emerg] 1#1: host not found in upstream "backend:8000" in /etc/nginx/nginx.conf:63
2025/07/18 09:22:28 [emerg] 1#1: host not found in upstream "backend:8000" in /etc/nginx/nginx.conf:63
2025/07/18 11:50:40 [emerg] 1#1: host not found in upstream "backend:8000" in /etc/nginx/nginx.conf:63
2025/07/18 11:51:45 [emerg] 1#1: host not found in upstream "backend:8000" in /etc/nginx/nginx.conf:63
2025/07/18 11:52:50 [emerg] 1#1: host not found in upstream "backend:8000" in /etc/nginx/nginx.conf:63
2025/07/18 11:53:55 [emerg] 1#1: host not found in upstream "backend:8000" in /etc/nginx/nginx.conf:63
2025/07/18 11:55:01 [emerg] 1#1: host not found in upstream "backend:8000" in /etc/nginx/nginx.conf:63
2025/07/18 11:56:06 [emerg] 1#1: host not found in upstream "backend:8000" in /etc/nginx/nginx.conf:63
2025/07/18 11:57:11 [emerg] 1#1: host not found in upstream "backend:8000" in /etc/nginx/nginx.conf:63
2025/07/18 11:58:16 [emerg] 1#1: host not found in upstream "backend:8000" in /etc/nginx/nginx.conf:63
2025/07/18 11:59:22 [emerg] 1#1: host not found in upstream "backend:8000" in /etc/nginx/nginx.conf:63
2025/07/18 12:00:27 [emerg] 1#1: host not found in upstream "backend:8000" in /etc/nginx/nginx.conf:63
2025/07/18 12:01:32 [emerg] 1#1: host not found in upstream "backend:8000" in /etc/nginx/nginx.conf:63
2025/07/18 12:02:37 [emerg] 1#1: host not found in upstream "backend:8000" in /etc/nginx/nginx.conf:63
2025/07/18 12:03:43 [emerg] 1#1: host not found in upstream "backend:8000" in /etc/nginx/nginx.conf:63
2025/07/18 12:04:49 [emerg] 1#1: host not found in upstream "backend:8000" in /etc/nginx/nginx.conf:63
2025/07/18 12:05:54 [emerg] 1#1: host not found in upstream "backend:8000" in /etc/nginx/nginx.conf:63
2025/07/18 12:07:00 [emerg] 1#1: host not found in upstream "backend:8000" in /etc/nginx/nginx.conf:63
2025/07/18 12:08:06 [emerg] 1#1: host not found in upstream "backend:8000" in /etc/nginx/nginx.conf:63
2025/07/18 12:09:12 [emerg] 1#1: host not found in upstream "backend:8000" in /etc/nginx/nginx.conf:63
2025/07/18 12:10:17 [emerg] 1#1: host not found in upstream "backend:8000" in /etc/nginx/nginx.conf:63
2025/07/18 12:11:22 [emerg] 1#1: host not found in upstream "backend:8000" in /etc/nginx/nginx.conf:63
2025/07/18 12:12:27 [emerg] 1#1: host not found in upstream "backend:8000" in /etc/nginx/nginx.conf:63
2025/07/18 12:13:33 [emerg] 1#1: host not found in upstream "backend:8000" in /etc/nginx/nginx.conf:63
2025/07/18 12:14:38 [emerg] 1#1: host not found in upstream "backend:8000" in /etc/nginx/nginx.conf:63
2025/07/18 12:15:43 [emerg] 1#1: host not found in upstream "backend:8000" in /etc/nginx/nginx.conf:63
2025/07/18 12:16:49 [emerg] 1#1: host not found in upstream "backend:8000" in /etc/nginx/nginx.conf:63
2025/07/18 12:17:54 [emerg] 1#1: host not found in upstream "backend:8000" in /etc/nginx/nginx.conf:63
2025/07/18 12:18:59 [emerg] 1#1: host not found in upstream "backend:8000" in /etc/nginx/nginx.conf:63
2025/07/18 12:20:04 [emerg] 1#1: host not found in upstream "backend:8000" in /etc/nginx/nginx.conf:63
2025/07/18 12:21:10 [emerg] 1#1: host not found in upstream "backend:8000" in /etc/nginx/nginx.conf:63
2025/07/18 12:22:15 [emerg] 1#1: host not found in upstream "backend:8000" in /etc/nginx/nginx.conf:63
2025/07/18 12:23:20 [emerg] 1#1: host not found in upstream "backend:8000" in /etc/nginx/nginx.conf:63
2025/07/18 12:24:26 [emerg] 1#1: host not found in upstream "backend:8000" in /etc/nginx/nginx.conf:63
2025/07/18 12:25:31 [emerg] 1#1: host not found in upstream "backend:8000" in /etc/nginx/nginx.conf:63
2025/07/18 12:26:37 [emerg] 1#1: host not found in upstream "backend:8000" in /etc/nginx/nginx.conf:63
2025/07/18 12:27:42 [emerg] 1#1: host not found in upstream "backend:8000" in /etc/nginx/nginx.conf:63
2025/07/18 12:28:47 [emerg] 1#1: host not found in upstream "backend:8000" in /etc/nginx/nginx.conf:63
2025/07/18 12:29:52 [emerg] 1#1: host not found in upstream "backend:8000" in /etc/nginx/nginx.conf:63
2025/07/18 12:30:58 [emerg] 1#1: host not found in upstream "backend:8000" in /etc/nginx/nginx.conf:63
2025/07/18 12:32:03 [emerg] 1#1: host not found in upstream "backend:8000" in /etc/nginx/nginx.conf:63
2025/07/18 12:33:08 [emerg] 1#1: host not found in upstream "backend:8000" in /etc/nginx/nginx.conf:63
2025/07/18 12:34:13 [emerg] 1#1: host not found in upstream "backend:8000" in /etc/nginx/nginx.conf:63
2025/07/18 12:35:19 [emerg] 1#1: host not found in upstream "backend:8000" in /etc/nginx/nginx.conf:63
2025/07/18 12:36:24 [emerg] 1#1: host not found in upstream "backend:8000" in /etc/nginx/nginx.conf:63
2025/07/18 12:37:29 [emerg] 1#1: host not found in upstream "backend:8000" in /etc/nginx/nginx.conf:63
2025/07/18 12:38:34 [emerg] 1#1: host not found in upstream "backend:8000" in /etc/nginx/nginx.conf:63
2025/07/18 12:39:40 [emerg] 1#1: host not found in upstream "backend:8000" in /etc/nginx/nginx.conf:63
2025/07/18 12:40:45 [emerg] 1#1: host not found in upstream "backend:8000" in /etc/nginx/nginx.conf:63
2025/07/18 12:41:50 [emerg] 1#1: host not found in upstream "backend:8000" in /etc/nginx/nginx.conf:63
2025/07/18 12:42:55 [emerg] 1#1: host not found in upstream "backend:8000" in /etc/nginx/nginx.conf:63
2025/07/18 12:44:01 [emerg] 1#1: host not found in upstream "backend:8000" in /etc/nginx/nginx.conf:63
2025/07/18 12:45:06 [emerg] 1#1: host not found in upstream "backend:8000" in /etc/nginx/nginx.conf:63
2025/07/18 12:46:11 [emerg] 1#1: host not found in upstream "backend:8000" in /etc/nginx/nginx.conf:63
2025/07/18 12:47:16 [emerg] 1#1: host not found in upstream "backend:8000" in /etc/nginx/nginx.conf:63
2025/07/18 12:48:22 [emerg] 1#1: host not found in upstream "backend:8000" in /etc/nginx/nginx.conf:63
2025/07/18 12:49:27 [emerg] 1#1: host not found in upstream "backend:8000" in /etc/nginx/nginx.conf:63
2025/07/18 12:50:32 [emerg] 1#1: host not found in upstream "backend:8000" in /etc/nginx/nginx.conf:63
2025/07/18 12:51:37 [emerg] 1#1: host not found in upstream "backend:8000" in /etc/nginx/nginx.conf:63
2025/07/18 12:52:43 [emerg] 1#1: host not found in upstream "backend:8000" in /etc/nginx/nginx.conf:63
2025/07/18 12:53:48 [emerg] 1#1: host not found in upstream "backend:8000" in /etc/nginx/nginx.conf:63
2025/07/18 12:54:53 [emerg] 1#1: host not found in upstream "backend:8000" in /etc/nginx/nginx.conf:63
2025/07/18 12:55:58 [emerg] 1#1: host not found in upstream "backend:8000" in /etc/nginx/nginx.conf:63
2025/07/18 12:57:04 [emerg] 1#1: host not found in upstream "backend:8000" in /etc/nginx/nginx.conf:63
2025/07/18 12:58:09 [emerg] 1#1: host not found in upstream "backend:8000" in /etc/nginx/nginx.conf:63
2025/07/18 12:59:14 [emerg] 1#1: host not found in upstream "backend:8000" in /etc/nginx/nginx.conf:63
2025/07/18 13:00:19 [emerg] 1#1: host not found in upstream "backend:8000" in /etc/nginx/nginx.conf:63
2025/07/18 13:01:25 [emerg] 1#1: host not found in upstream "backend:8000" in /etc/nginx/nginx.conf:63
2025/07/18 13:02:30 [emerg] 1#1: host not found in upstream "backend:8000" in /etc/nginx/nginx.conf:63
2025/07/18 13:03:35 [emerg] 1#1: host not found in upstream "backend:8000" in /etc/nginx/nginx.conf:63
2025/07/18 13:04:40 [emerg] 1#1: host not found in upstream "backend:8000" in /etc/nginx/nginx.conf:63
2025/07/18 13:05:45 [emerg] 1#1: host not found in upstream "backend:8000" in /etc/nginx/nginx.conf:63
2025/07/18 13:25:30 [emerg] 1#1: host not found in upstream "backend:8000" in /etc/nginx/nginx.conf:63
2025/07/18 13:26:35 [emerg] 1#1: host not found in upstream "backend:8000" in /etc/nginx/nginx.conf:63
2025/07/18 13:27:41 [emerg] 1#1: host not found in upstream "backend:8000" in /etc/nginx/nginx.conf:63
2025/07/18 13:28:46 [emerg] 1#1: host not found in upstream "backend:8000" in /etc/nginx/nginx.conf:63
2025/07/18 13:29:51 [emerg] 1#1: host not found in upstream "backend:8000" in /etc/nginx/nginx.conf:63
2025/07/18 13:30:57 [emerg] 1#1: host not found in upstream "backend:8000" in /etc/nginx/nginx.conf:63
2025/07/18 13:32:02 [emerg] 1#1: host not found in upstream "backend:8000" in /etc/nginx/nginx.conf:63
2025/07/18 13:33:08 [emerg] 1#1: host not found in upstream "backend:8000" in /etc/nginx/nginx.conf:63
2025/07/18 13:34:13 [emerg] 1#1: host not found in upstream "backend:8000" in /etc/nginx/nginx.conf:63
2025/07/18 13:35:18 [emerg] 1#1: host not found in upstream "backend:8000" in /etc/nginx/nginx.conf:63
2025/07/18 13:36:24 [emerg] 1#1: host not found in upstream "backend:8000" in /etc/nginx/nginx.conf:63
2025/07/18 13:37:29 [emerg] 1#1: host not found in upstream "backend:8000" in /etc/nginx/nginx.conf:63
2025/07/18 13:38:34 [emerg] 1#1: host not found in upstream "backend:8000" in /etc/nginx/nginx.conf:63
2025/07/18 13:39:39 [emerg] 1#1: host not found in upstream "backend:8000" in /etc/nginx/nginx.conf:63
2025/07/18 13:40:45 [emerg] 1#1: host not found in upstream "backend:8000" in /etc/nginx/nginx.conf:63
2025/07/18 13:41:50 [emerg] 1#1: host not found in upstream "backend:8000" in /etc/nginx/nginx.conf:63
2025/07/18 13:42:55 [emerg] 1#1: host not found in upstream "backend:8000" in /etc/nginx/nginx.conf:63
2025/07/18 13:44:00 [emerg] 1#1: host not found in upstream "backend:8000" in /etc/nginx/nginx.conf:63
2025/07/18 13:45:06 [emerg] 1#1: host not found in upstream "backend:8000" in /etc/nginx/nginx.conf:63
2025/07/18 13:46:11 [emerg] 1#1: host not found in upstream "backend:8000" in /etc/nginx/nginx.conf:63
2025/07/18 13:47:16 [emerg] 1#1: host not found in upstream "backend:8000" in /etc/nginx/nginx.conf:63
2025/07/18 13:48:21 [emerg] 1#1: host not found in upstream "backend:8000" in /etc/nginx/nginx.conf:63
2025/07/18 13:49:27 [emerg] 1#1: host not found in upstream "backend:8000" in /etc/nginx/nginx.conf:63
2025/07/18 13:50:32 [emerg] 1#1: host not found in upstream "backend:8000" in /etc/nginx/nginx.conf:63
2025/07/18 13:51:37 [emerg] 1#1: host not found in upstream "backend:8000" in /etc/nginx/nginx.conf:63
2025/07/18 13:52:42 [emerg] 1#1: host not found in upstream "backend:8000" in /etc/nginx/nginx.conf:63
2025/07/18 13:53:48 [emerg] 1#1: host not found in upstream "backend:8000" in /etc/nginx/nginx.conf:63
2025/07/18 13:54:53 [emerg] 1#1: host not found in upstream "backend:8000" in /etc/nginx/nginx.conf:63
2025/07/18 13:55:58 [emerg] 1#1: host not found in upstream "backend:8000" in /etc/nginx/nginx.conf:63
2025/07/18 13:57:03 [emerg] 1#1: host not found in upstream "backend:8000" in /etc/nginx/nginx.conf:63
2025/07/18 13:58:09 [emerg] 1#1: host not found in upstream "backend:8000" in /etc/nginx/nginx.conf:63
2025/07/18 13:59:14 [emerg] 1#1: host not found in upstream "backend:8000" in /etc/nginx/nginx.conf:63
2025/07/18 14:00:19 [emerg] 1#1: host not found in upstream "backend:8000" in /etc/nginx/nginx.conf:63
2025/07/18 14:01:24 [emerg] 1#1: host not found in upstream "backend:8000" in /etc/nginx/nginx.conf:63
2025/07/18 14:02:29 [emerg] 1#1: host not found in upstream "backend:8000" in /etc/nginx/nginx.conf:63
2025/07/18 14:03:35 [emerg] 1#1: host not found in upstream "backend:8000" in /etc/nginx/nginx.conf:63
2025/07/18 14:04:40 [emerg] 1#1: host not found in upstream "backend:8000" in /etc/nginx/nginx.conf:63
2025/07/18 14:23:07 [emerg] 1#1: host not found in upstream "backend:8000" in /etc/nginx/nginx.conf:63
2025/07/18 14:24:13 [emerg] 1#1: host not found in upstream "backend:8000" in /etc/nginx/nginx.conf:63
2025/07/18 14:25:18 [emerg] 1#1: host not found in upstream "backend:8000" in /etc/nginx/nginx.conf:63
2025/07/18 14:26:23 [emerg] 1#1: host not found in upstream "backend:8000" in /etc/nginx/nginx.conf:63
2025/07/18 14:27:29 [emerg] 1#1: host not found in upstream "backend:8000" in /etc/nginx/nginx.conf:63
2025/07/18 14:28:34 [emerg] 1#1: host not found in upstream "backend:8000" in /etc/nginx/nginx.conf:63
2025/07/18 14:29:39 [emerg] 1#1: host not found in upstream "backend:8000" in /etc/nginx/nginx.conf:63
2025/07/18 14:30:45 [emerg] 1#1: host not found in upstream "backend:8000" in /etc/nginx/nginx.conf:63
2025/07/18 14:31:50 [emerg] 1#1: host not found in upstream "backend:8000" in /etc/nginx/nginx.conf:63
2025/07/18 14:32:56 [emerg] 1#1: host not found in upstream "backend:8000" in /etc/nginx/nginx.conf:63
2025/07/18 14:34:01 [emerg] 1#1: host not found in upstream "backend:8000" in /etc/nginx/nginx.conf:63
2025/07/18 14:35:07 [emerg] 1#1: host not found in upstream "backend:8000" in /etc/nginx/nginx.conf:63
2025/07/18 14:36:12 [emerg] 1#1: host not found in upstream "backend:8000" in /etc/nginx/nginx.conf:63
2025/07/18 14:37:17 [emerg] 1#1: host not found in upstream "backend:8000" in /etc/nginx/nginx.conf:63
2025/07/18 14:38:23 [emerg] 1#1: host not found in upstream "backend:8000" in /etc/nginx/nginx.conf:63
2025/07/18 14:39:28 [emerg] 1#1: host not found in upstream "backend:8000" in /etc/nginx/nginx.conf:63
2025/07/18 14:40:33 [emerg] 1#1: host not found in upstream "backend:8000" in /etc/nginx/nginx.conf:63
2025/07/18 14:41:39 [emerg] 1#1: host not found in upstream "backend:8000" in /etc/nginx/nginx.conf:63
2025/07/18 14:42:44 [emerg] 1#1: host not found in upstream "backend:8000" in /etc/nginx/nginx.conf:63
2025/07/18 14:43:49 [emerg] 1#1: host not found in upstream "backend:8000" in /etc/nginx/nginx.conf:63
2025/07/18 14:44:55 [emerg] 1#1: host not found in upstream "backend:8000" in /etc/nginx/nginx.conf:63
2025/07/18 14:46:00 [emerg] 1#1: host not found in upstream "backend:8000" in /etc/nginx/nginx.conf:63
2025/07/18 14:47:05 [emerg] 1#1: host not found in upstream "backend:8000" in /etc/nginx/nginx.conf:63
2025/07/18 14:48:11 [emerg] 1#1: host not found in upstream "backend:8000" in /etc/nginx/nginx.conf:63
2025/07/18 14:49:16 [emerg] 1#1: host not found in upstream "backend:8000" in /etc/nginx/nginx.conf:63
2025/07/18 14:50:21 [emerg] 1#1: host not found in upstream "backend:8000" in /etc/nginx/nginx.conf:63
2025/07/18 14:51:27 [emerg] 1#1: host not found in upstream "backend:8000" in /etc/nginx/nginx.conf:63
2025/07/18 15:17:33 [emerg] 1#1: host not found in upstream "backend:8000" in /etc/nginx/nginx.conf:63
2025/07/18 15:18:38 [emerg] 1#1: host not found in upstream "backend:8000" in /etc/nginx/nginx.conf:63
2025/07/18 15:19:44 [emerg] 1#1: host not found in upstream "backend:8000" in /etc/nginx/nginx.conf:63
2025/07/18 15:20:49 [emerg] 1#1: host not found in upstream "backend:8000" in /etc/nginx/nginx.conf:63
2025/07/18 15:21:55 [emerg] 1#1: host not found in upstream "backend:8000" in /etc/nginx/nginx.conf:63
2025/07/18 15:23:00 [emerg] 1#1: host not found in upstream "backend:8000" in /etc/nginx/nginx.conf:63
2025/07/18 15:24:05 [emerg] 1#1: host not found in upstream "backend:8000" in /etc/nginx/nginx.conf:63
2025/07/18 15:25:10 [emerg] 1#1: host not found in upstream "backend:8000" in /etc/nginx/nginx.conf:63
2025/07/18 15:26:16 [emerg] 1#1: host not found in upstream "backend:8000" in /etc/nginx/nginx.conf:63
2025/07/18 15:27:21 [emerg] 1#1: host not found in upstream "backend:8000" in /etc/nginx/nginx.conf:63
2025/07/18 15:28:26 [emerg] 1#1: host not found in upstream "backend:8000" in /etc/nginx/nginx.conf:63
2025/07/18 15:42:38 [emerg] 1#1: host not found in upstream "backend:8000" in /etc/nginx/nginx.conf:63
2025/07/18 15:42:43 [emerg] 1#1: host not found in upstream "backend:8000" in /etc/nginx/nginx.conf:63
2025/07/18 15:42:49 [emerg] 1#1: host not found in upstream "backend:8000" in /etc/nginx/nginx.conf:63
2025/07/18 15:42:54 [emerg] 1#1: host not found in upstream "backend:8000" in /etc/nginx/nginx.conf:63
2025/07/18 15:43:00 [emerg] 1#1: host not found in upstream "backend:8000" in /etc/nginx/nginx.conf:63
2025/07/18 15:43:08 [emerg] 1#1: host not found in upstream "backend:8000" in /etc/nginx/nginx.conf:63
2025/07/18 15:43:16 [emerg] 1#1: host not found in upstream "backend:8000" in /etc/nginx/nginx.conf:63
2025/07/18 15:43:28 [emerg] 1#1: host not found in upstream "backend:8000" in /etc/nginx/nginx.conf:63
2025/07/18 15:43:46 [emerg] 1#1: host not found in upstream "backend:8000" in /etc/nginx/nginx.conf:63
2025/07/18 15:44:17 [emerg] 1#1: host not found in upstream "backend:8000" in /etc/nginx/nginx.conf:63
2025/07/18 15:45:13 [emerg] 1#1: host not found in upstream "backend:8000" in /etc/nginx/nginx.conf:63
2025/07/18 15:46:18 [emerg] 1#1: host not found in upstream "backend:8000" in /etc/nginx/nginx.conf:63
2025/07/18 15:47:23 [emerg] 1#1: host not found in upstream "backend:8000" in /etc/nginx/nginx.conf:63
2025/07/18 15:48:29 [emerg] 1#1: host not found in upstream "backend:8000" in /etc/nginx/nginx.conf:63
2025/07/18 15:49:34 [emerg] 1#1: host not found in upstream "backend:8000" in /etc/nginx/nginx.conf:63
2025/07/18 15:50:39 [emerg] 1#1: host not found in upstream "backend:8000" in /etc/nginx/nginx.conf:63
2025/07/18 15:51:44 [emerg] 1#1: host not found in upstream "backend:8000" in /etc/nginx/nginx.conf:63
2025/07/18 15:52:49 [emerg] 1#1: host not found in upstream "backend:8000" in /etc/nginx/nginx.conf:63
2025/07/18 15:53:55 [emerg] 1#1: host not found in upstream "backend:8000" in /etc/nginx/nginx.conf:63
2025/07/18 15:55:00 [emerg] 1#1: host not found in upstream "backend:8000" in /etc/nginx/nginx.conf:63
2025/07/18 15:56:05 [emerg] 1#1: host not found in upstream "backend:8000" in /etc/nginx/nginx.conf:63
2025/07/18 15:57:10 [emerg] 1#1: host not found in upstream "backend:8000" in /etc/nginx/nginx.conf:63
2025/07/18 15:58:16 [emerg] 1#1: host not found in upstream "backend:8000" in /etc/nginx/nginx.conf:63
2025/07/18 15:59:21 [emerg] 1#1: host not found in upstream "backend:8000" in /etc/nginx/nginx.conf:63
2025/07/18 16:00:26 [emerg] 1#1: host not found in upstream "backend:8000" in /etc/nginx/nginx.conf:63
2025/07/18 16:01:32 [emerg] 1#1: host not found in upstream "backend:8000" in /etc/nginx/nginx.conf:63
2025/07/18 16:02:37 [emerg] 1#1: host not found in upstream "backend:8000" in /etc/nginx/nginx.conf:63
2025/07/18 16:03:42 [emerg] 1#1: host not found in upstream "backend:8000" in /etc/nginx/nginx.conf:63
2025/07/18 16:04:48 [emerg] 1#1: host not found in upstream "backend:8000" in /etc/nginx/nginx.conf:63
2025/07/18 16:05:53 [emerg] 1#1: host not found in upstream "backend:8000" in /etc/nginx/nginx.conf:63
2025/07/18 16:06:58 [emerg] 1#1: host not found in upstream "backend:8000" in /etc/nginx/nginx.conf:63
2025/07/18 16:08:04 [emerg] 1#1: host not found in upstream "backend:8000" in /etc/nginx/nginx.conf:63
2025/07/18 16:09:09 [emerg] 1#1: host not found in upstream "backend:8000" in /etc/nginx/nginx.conf:63
2025/07/18 16:10:14 [emerg] 1#1: host not found in upstream "backend:8000" in /etc/nginx/nginx.conf:63
2025/07/18 16:11:19 [emerg] 1#1: host not found in upstream "backend:8000" in /etc/nginx/nginx.conf:63
2025/07/18 16:43:43 [emerg] 1#1: host not found in upstream "backend:8000" in /etc/nginx/nginx.conf:63
2025/07/18 16:44:48 [emerg] 1#1: host not found in upstream "backend:8000" in /etc/nginx/nginx.conf:63
2025/07/18 16:45:53 [emerg] 1#1: host not found in upstream "backend:8000" in /etc/nginx/nginx.conf:63
2025/07/18 16:46:58 [emerg] 1#1: host not found in upstream "backend:8000" in /etc/nginx/nginx.conf:63
2025/07/18 16:48:04 [emerg] 1#1: host not found in upstream "backend:8000" in /etc/nginx/nginx.conf:63
2025/07/18 16:49:09 [emerg] 1#1: host not found in upstream "backend:8000" in /etc/nginx/nginx.conf:63
2025/07/18 16:50:14 [emerg] 1#1: host not found in upstream "backend:8000" in /etc/nginx/nginx.conf:63
2025/07/18 16:51:19 [emerg] 1#1: host not found in upstream "backend:8000" in /etc/nginx/nginx.conf:63
2025/07/18 16:52:24 [emerg] 1#1: host not found in upstream "backend:8000" in /etc/nginx/nginx.conf:63
2025/07/18 16:53:30 [emerg] 1#1: host not found in upstream "backend:8000" in /etc/nginx/nginx.conf:63
2025/07/18 16:54:35 [emerg] 1#1: host not found in upstream "backend:8000" in /etc/nginx/nginx.conf:63
2025/07/18 16:55:40 [emerg] 1#1: host not found in upstream "backend:8000" in /etc/nginx/nginx.conf:63
2025/07/18 16:56:45 [emerg] 1#1: host not found in upstream "backend:8000" in /etc/nginx/nginx.conf:63
2025/07/18 16:57:50 [emerg] 1#1: host not found in upstream "backend:8000" in /etc/nginx/nginx.conf:63
2025/07/18 16:58:55 [emerg] 1#1: host not found in upstream "backend:8000" in /etc/nginx/nginx.conf:63
2025/07/18 17:00:01 [emerg] 1#1: host not found in upstream "backend:8000" in /etc/nginx/nginx.conf:63
2025/07/18 17:01:06 [emerg] 1#1: host not found in upstream "backend:8000" in /etc/nginx/nginx.conf:63
2025/07/18 17:02:11 [emerg] 1#1: host not found in upstream "backend:8000" in /etc/nginx/nginx.conf:63
2025/07/18 17:03:16 [emerg] 1#1: host not found in upstream "backend:8000" in /etc/nginx/nginx.conf:63
2025/07/18 17:04:21 [emerg] 1#1: host not found in upstream "backend:8000" in /etc/nginx/nginx.conf:63
2025/07/18 17:05:26 [emerg] 1#1: host not found in upstream "backend:8000" in /etc/nginx/nginx.conf:63
2025/07/18 17:06:32 [emerg] 1#1: host not found in upstream "backend:8000" in /etc/nginx/nginx.conf:63
2025/07/18 17:07:37 [emerg] 1#1: host not found in upstream "backend:8000" in /etc/nginx/nginx.conf:63
2025/07/18 17:08:42 [emerg] 1#1: host not found in upstream "backend:8000" in /etc/nginx/nginx.conf:63
2025/07/18 17:09:47 [emerg] 1#1: host not found in upstream "backend:8000" in /etc/nginx/nginx.conf:63
2025/07/18 17:10:52 [emerg] 1#1: host not found in upstream "backend:8000" in /etc/nginx/nginx.conf:63
2025/07/18 17:11:57 [emerg] 1#1: host not found in upstream "backend:8000" in /etc/nginx/nginx.conf:63
2025/07/18 17:13:03 [emerg] 1#1: host not found in upstream "backend:8000" in /etc/nginx/nginx.conf:63
2025/07/18 17:14:08 [emerg] 1#1: host not found in upstream "backend:8000" in /etc/nginx/nginx.conf:63
2025/07/18 17:15:13 [emerg] 1#1: host not found in upstream "backend:8000" in /etc/nginx/nginx.conf:63
2025/07/18 17:16:18 [emerg] 1#1: host not found in upstream "backend:8000" in /etc/nginx/nginx.conf:63
2025/07/18 17:17:23 [emerg] 1#1: host not found in upstream "backend:8000" in /etc/nginx/nginx.conf:63
2025/07/18 17:18:28 [emerg] 1#1: host not found in upstream "backend:8000" in /etc/nginx/nginx.conf:63
2025/07/18 17:19:33 [emerg] 1#1: host not found in upstream "backend:8000" in /etc/nginx/nginx.conf:63
2025/07/18 17:20:39 [emerg] 1#1: host not found in upstream "backend:8000" in /etc/nginx/nginx.conf:63
2025/07/18 17:21:44 [emerg] 1#1: host not found in upstream "backend:8000" in /etc/nginx/nginx.conf:63
2025/07/18 17:22:49 [emerg] 1#1: host not found in upstream "backend:8000" in /etc/nginx/nginx.conf:63
2025/07/18 17:23:54 [emerg] 1#1: host not found in upstream "backend:8000" in /etc/nginx/nginx.conf:63
2025/07/18 17:24:59 [emerg] 1#1: host not found in upstream "backend:8000" in /etc/nginx/nginx.conf:63
2025/07/18 17:26:04 [emerg] 1#1: host not found in upstream "backend:8000" in /etc/nginx/nginx.conf:63
2025/07/18 17:27:10 [emerg] 1#1: host not found in upstream "backend:8000" in /etc/nginx/nginx.conf:63
2025/07/18 17:28:15 [emerg] 1#1: host not found in upstream "backend:8000" in /etc/nginx/nginx.conf:63
2025/07/18 17:29:20 [emerg] 1#1: host not found in upstream "backend:8000" in /etc/nginx/nginx.conf:63
2025/07/18 17:30:25 [emerg] 1#1: host not found in upstream "backend:8000" in /etc/nginx/nginx.conf:63
2025/07/18 17:31:30 [emerg] 1#1: host not found in upstream "backend:8000" in /etc/nginx/nginx.conf:63
2025/07/18 17:32:35 [emerg] 1#1: host not found in upstream "backend:8000" in /etc/nginx/nginx.conf:63
2025/07/18 17:33:41 [emerg] 1#1: host not found in upstream "backend:8000" in /etc/nginx/nginx.conf:63
2025/07/18 17:34:46 [emerg] 1#1: host not found in upstream "backend:8000" in /etc/nginx/nginx.conf:63
2025/07/18 17:35:51 [emerg] 1#1: host not found in upstream "backend:8000" in /etc/nginx/nginx.conf:63
2025/07/18 17:36:56 [emerg] 1#1: host not found in upstream "backend:8000" in /etc/nginx/nginx.conf:63
2025/07/18 17:38:01 [emerg] 1#1: host not found in upstream "backend:8000" in /etc/nginx/nginx.conf:63
2025/07/18 17:39:06 [emerg] 1#1: host not found in upstream "backend:8000" in /etc/nginx/nginx.conf:63
2025/07/18 17:40:11 [emerg] 1#1: host not found in upstream "backend:8000" in /etc/nginx/nginx.conf:63
2025/07/19 02:49:45 [emerg] 1#1: host not found in upstream "backend:8000" in /etc/nginx/nginx.conf:63
2025/07/19 02:49:50 [emerg] 1#1: host not found in upstream "backend:8000" in /etc/nginx/nginx.conf:63
2025/07/19 02:49:56 [emerg] 1#1: host not found in upstream "backend:8000" in /etc/nginx/nginx.conf:63
2025/07/19 02:50:02 [emerg] 1#1: host not found in upstream "backend:8000" in /etc/nginx/nginx.conf:63
2025/07/19 02:50:08 [emerg] 1#1: host not found in upstream "backend:8000" in /etc/nginx/nginx.conf:63
2025/07/19 02:50:15 [emerg] 1#1: host not found in upstream "backend:8000" in /etc/nginx/nginx.conf:63
2025/07/19 02:50:23 [emerg] 1#1: host not found in upstream "backend:8000" in /etc/nginx/nginx.conf:63
2025/07/19 02:50:35 [emerg] 1#1: host not found in upstream "backend:8000" in /etc/nginx/nginx.conf:63
2025/07/19 02:50:53 [emerg] 1#1: host not found in upstream "backend:8000" in /etc/nginx/nginx.conf:63
2025/07/19 02:51:24 [emerg] 1#1: host not found in upstream "backend:8000" in /etc/nginx/nginx.conf:63
2025/07/19 02:52:20 [emerg] 1#1: host not found in upstream "backend:8000" in /etc/nginx/nginx.conf:63
2025/07/19 02:53:25 [emerg] 1#1: host not found in upstream "backend:8000" in /etc/nginx/nginx.conf:63
2025/07/19 02:54:31 [emerg] 1#1: host not found in upstream "backend:8000" in /etc/nginx/nginx.conf:63
2025/07/19 02:55:36 [emerg] 1#1: host not found in upstream "backend:8000" in /etc/nginx/nginx.conf:63
2025/07/19 02:56:41 [emerg] 1#1: host not found in upstream "backend:8000" in /etc/nginx/nginx.conf:63
2025/07/19 02:57:46 [emerg] 1#1: host not found in upstream "backend:8000" in /etc/nginx/nginx.conf:63
2025/07/19 02:58:52 [emerg] 1#1: host not found in upstream "backend:8000" in /etc/nginx/nginx.conf:63
2025/07/19 02:59:57 [emerg] 1#1: host not found in upstream "backend:8000" in /etc/nginx/nginx.conf:63
2025/07/19 03:01:02 [emerg] 1#1: host not found in upstream "backend:8000" in /etc/nginx/nginx.conf:63
2025/07/19 03:02:07 [emerg] 1#1: host not found in upstream "backend:8000" in /etc/nginx/nginx.conf:63
2025/07/19 03:03:13 [emerg] 1#1: host not found in upstream "backend:8000" in /etc/nginx/nginx.conf:63
2025/07/19 03:04:18 [emerg] 1#1: host not found in upstream "backend:8000" in /etc/nginx/nginx.conf:63
2025/07/19 03:05:23 [emerg] 1#1: host not found in upstream "backend:8000" in /etc/nginx/nginx.conf:63
2025/07/19 03:06:28 [emerg] 1#1: host not found in upstream "backend:8000" in /etc/nginx/nginx.conf:63
2025/07/19 03:07:34 [emerg] 1#1: host not found in upstream "backend:8000" in /etc/nginx/nginx.conf:63
2025/07/19 03:08:39 [emerg] 1#1: host not found in upstream "backend:8000" in /etc/nginx/nginx.conf:63
2025/07/19 03:09:44 [emerg] 1#1: host not found in upstream "backend:8000" in /etc/nginx/nginx.conf:63
2025/07/19 03:10:49 [emerg] 1#1: host not found in upstream "backend:8000" in /etc/nginx/nginx.conf:63
2025/07/19 03:11:55 [emerg] 1#1: host not found in upstream "backend:8000" in /etc/nginx/nginx.conf:63
2025/07/19 03:13:00 [emerg] 1#1: host not found in upstream "backend:8000" in /etc/nginx/nginx.conf:63
2025/07/19 03:14:05 [emerg] 1#1: host not found in upstream "backend:8000" in /etc/nginx/nginx.conf:63
2025/07/19 03:15:10 [emerg] 1#1: host not found in upstream "backend:8000" in /etc/nginx/nginx.conf:63
2025/07/19 03:16:16 [emerg] 1#1: host not found in upstream "backend:8000" in /etc/nginx/nginx.conf:63
2025/07/19 03:17:21 [emerg] 1#1: host not found in upstream "backend:8000" in /etc/nginx/nginx.conf:63
2025/07/19 03:18:26 [emerg] 1#1: host not found in upstream "backend:8000" in /etc/nginx/nginx.conf:63
2025/07/19 03:19:31 [emerg] 1#1: host not found in upstream "backend:8000" in /etc/nginx/nginx.conf:63
2025/07/19 03:20:37 [emerg] 1#1: host not found in upstream "backend:8000" in /etc/nginx/nginx.conf:63
2025/07/19 03:21:42 [emerg] 1#1: host not found in upstream "backend:8000" in /etc/nginx/nginx.conf:63
2025/07/19 03:22:47 [emerg] 1#1: host not found in upstream "backend:8000" in /etc/nginx/nginx.conf:63
2025/07/19 03:23:52 [emerg] 1#1: host not found in upstream "backend:8000" in /etc/nginx/nginx.conf:63
2025/07/19 03:24:58 [emerg] 1#1: host not found in upstream "backend:8000" in /etc/nginx/nginx.conf:63
2025/07/19 03:26:03 [emerg] 1#1: host not found in upstream "backend:8000" in /etc/nginx/nginx.conf:63
2025/07/19 03:27:08 [emerg] 1#1: host not found in upstream "backend:8000" in /etc/nginx/nginx.conf:63
2025/07/19 03:28:14 [emerg] 1#1: host not found in upstream "backend:8000" in /etc/nginx/nginx.conf:63
2025/07/19 03:29:19 [emerg] 1#1: host not found in upstream "backend:8000" in /etc/nginx/nginx.conf:63
2025/07/19 03:30:24 [emerg] 1#1: host not found in upstream "backend:8000" in /etc/nginx/nginx.conf:63
2025/07/19 03:31:29 [emerg] 1#1: host not found in upstream "backend:8000" in /etc/nginx/nginx.conf:63
2025/07/19 03:32:35 [emerg] 1#1: host not found in upstream "backend:8000" in /etc/nginx/nginx.conf:63
2025/07/19 03:33:40 [emerg] 1#1: host not found in upstream "backend:8000" in /etc/nginx/nginx.conf:63
2025/07/19 03:34:45 [emerg] 1#1: host not found in upstream "backend:8000" in /etc/nginx/nginx.conf:63
2025/07/19 03:35:50 [emerg] 1#1: host not found in upstream "backend:8000" in /etc/nginx/nginx.conf:63
2025/07/19 03:36:56 [emerg] 1#1: host not found in upstream "backend:8000" in /etc/nginx/nginx.conf:63
2025/07/19 03:43:51 [emerg] 1#1: host not found in upstream "backend:8000" in /etc/nginx/nginx.conf:63
2025/07/19 03:44:56 [emerg] 1#1: host not found in upstream "backend:8000" in /etc/nginx/nginx.conf:63
2025/07/19 03:46:02 [emerg] 1#1: host not found in upstream "backend:8000" in /etc/nginx/nginx.conf:63
2025/07/19 03:47:07 [emerg] 1#1: host not found in upstream "backend:8000" in /etc/nginx/nginx.conf:63
2025/07/19 03:48:12 [emerg] 1#1: host not found in upstream "backend:8000" in /etc/nginx/nginx.conf:63
2025/07/19 03:49:17 [emerg] 1#1: host not found in upstream "backend:8000" in /etc/nginx/nginx.conf:63
2025/07/19 03:50:23 [emerg] 1#1: host not found in upstream "backend:8000" in /etc/nginx/nginx.conf:63
2025/07/19 03:51:28 [emerg] 1#1: host not found in upstream "backend:8000" in /etc/nginx/nginx.conf:63
2025/07/19 03:52:33 [emerg] 1#1: host not found in upstream "backend:8000" in /etc/nginx/nginx.conf:63
2025/07/19 03:53:38 [emerg] 1#1: host not found in upstream "backend:8000" in /etc/nginx/nginx.conf:63
2025/07/19 03:54:43 [emerg] 1#1: host not found in upstream "backend:8000" in /etc/nginx/nginx.conf:63
2025/07/19 03:55:49 [emerg] 1#1: host not found in upstream "backend:8000" in /etc/nginx/nginx.conf:63
2025/07/19 03:56:54 [emerg] 1#1: host not found in upstream "backend:8000" in /etc/nginx/nginx.conf:63
2025/07/19 03:57:59 [emerg] 1#1: host not found in upstream "backend:8000" in /etc/nginx/nginx.conf:63
2025/07/19 03:59:04 [emerg] 1#1: host not found in upstream "backend:8000" in /etc/nginx/nginx.conf:63
2025/07/19 04:00:10 [emerg] 1#1: host not found in upstream "backend:8000" in /etc/nginx/nginx.conf:63
2025/07/19 04:01:16 [emerg] 1#1: host not found in upstream "backend:8000" in /etc/nginx/nginx.conf:63
2025/07/19 04:02:21 [emerg] 1#1: host not found in upstream "backend:8000" in /etc/nginx/nginx.conf:63
2025/07/19 04:03:26 [emerg] 1#1: host not found in upstream "backend:8000" in /etc/nginx/nginx.conf:63
2025/07/19 04:04:31 [emerg] 1#1: host not found in upstream "backend:8000" in /etc/nginx/nginx.conf:63
2025/07/19 04:05:37 [emerg] 1#1: host not found in upstream "backend:8000" in /etc/nginx/nginx.conf:63
2025/07/19 04:06:42 [emerg] 1#1: host not found in upstream "backend:8000" in /etc/nginx/nginx.conf:63
2025/07/19 04:07:47 [emerg] 1#1: host not found in upstream "backend:8000" in /etc/nginx/nginx.conf:63
2025/07/19 04:08:53 [emerg] 1#1: host not found in upstream "backend:8000" in /etc/nginx/nginx.conf:63
2025/07/19 04:09:58 [emerg] 1#1: host not found in upstream "backend:8000" in /etc/nginx/nginx.conf:63
2025/07/19 04:11:03 [emerg] 1#1: host not found in upstream "backend:8000" in /etc/nginx/nginx.conf:63
2025/07/19 04:12:09 [emerg] 1#1: host not found in upstream "backend:8000" in /etc/nginx/nginx.conf:63
2025/07/19 04:13:14 [emerg] 1#1: host not found in upstream "backend:8000" in /etc/nginx/nginx.conf:63
2025/07/19 04:14:19 [emerg] 1#1: host not found in upstream "backend:8000" in /etc/nginx/nginx.conf:63
2025/07/19 04:15:25 [emerg] 1#1: host not found in upstream "backend:8000" in /etc/nginx/nginx.conf:63
2025/07/19 04:16:30 [emerg] 1#1: host not found in upstream "backend:8000" in /etc/nginx/nginx.conf:63
2025/07/19 04:17:35 [emerg] 1#1: host not found in upstream "backend:8000" in /etc/nginx/nginx.conf:63
2025/07/19 04:18:41 [emerg] 1#1: host not found in upstream "backend:8000" in /etc/nginx/nginx.conf:63
2025/07/19 04:19:46 [emerg] 1#1: host not found in upstream "backend:8000" in /etc/nginx/nginx.conf:63
2025/07/19 04:20:51 [emerg] 1#1: host not found in upstream "backend:8000" in /etc/nginx/nginx.conf:63
2025/07/19 04:21:57 [emerg] 1#1: host not found in upstream "backend:8000" in /etc/nginx/nginx.conf:63
2025/07/19 04:23:02 [emerg] 1#1: host not found in upstream "backend:8000" in /etc/nginx/nginx.conf:63
2025/07/19 04:24:07 [emerg] 1#1: host not found in upstream "backend:8000" in /etc/nginx/nginx.conf:63
2025/07/19 04:25:13 [emerg] 1#1: host not found in upstream "backend:8000" in /etc/nginx/nginx.conf:63
2025/07/19 04:26:18 [emerg] 1#1: host not found in upstream "backend:8000" in /etc/nginx/nginx.conf:63
2025/07/19 04:27:23 [emerg] 1#1: host not found in upstream "backend:8000" in /etc/nginx/nginx.conf:63
2025/07/19 04:28:29 [emerg] 1#1: host not found in upstream "backend:8000" in /etc/nginx/nginx.conf:63
2025/07/19 04:29:34 [emerg] 1#1: host not found in upstream "backend:8000" in /etc/nginx/nginx.conf:63
2025/07/19 04:30:39 [emerg] 1#1: host not found in upstream "backend:8000" in /etc/nginx/nginx.conf:63
2025/07/19 04:31:45 [emerg] 1#1: host not found in upstream "backend:8000" in /etc/nginx/nginx.conf:63
2025/07/19 04:32:50 [emerg] 1#1: host not found in upstream "backend:8000" in /etc/nginx/nginx.conf:63
2025/07/19 04:33:55 [emerg] 1#1: host not found in upstream "backend:8000" in /etc/nginx/nginx.conf:63
2025/07/19 04:35:01 [emerg] 1#1: host not found in upstream "backend:8000" in /etc/nginx/nginx.conf:63
2025/07/19 04:36:06 [emerg] 1#1: host not found in upstream "backend:8000" in /etc/nginx/nginx.conf:63
2025/07/19 04:37:11 [emerg] 1#1: host not found in upstream "backend:8000" in /etc/nginx/nginx.conf:63
2025/07/19 04:38:17 [emerg] 1#1: host not found in upstream "backend:8000" in /etc/nginx/nginx.conf:63
2025/07/19 04:39:22 [emerg] 1#1: host not found in upstream "backend:8000" in /etc/nginx/nginx.conf:63
2025/07/19 04:40:27 [emerg] 1#1: host not found in upstream "backend:8000" in /etc/nginx/nginx.conf:63
2025/07/19 04:41:32 [emerg] 1#1: host not found in upstream "backend:8000" in /etc/nginx/nginx.conf:63
2025/07/19 04:42:38 [emerg] 1#1: host not found in upstream "backend:8000" in /etc/nginx/nginx.conf:63
2025/07/19 04:43:43 [emerg] 1#1: host not found in upstream "backend:8000" in /etc/nginx/nginx.conf:63
2025/07/19 04:44:48 [emerg] 1#1: host not found in upstream "backend:8000" in /etc/nginx/nginx.conf:63
2025/07/19 04:45:54 [emerg] 1#1: host not found in upstream "backend:8000" in /etc/nginx/nginx.conf:63
2025/07/19 04:46:59 [emerg] 1#1: host not found in upstream "backend:8000" in /etc/nginx/nginx.conf:63
2025/07/19 04:48:04 [emerg] 1#1: host not found in upstream "backend:8000" in /etc/nginx/nginx.conf:63
2025/07/19 04:49:09 [emerg] 1#1: host not found in upstream "backend:8000" in /etc/nginx/nginx.conf:63
2025/07/19 04:50:14 [emerg] 1#1: host not found in upstream "backend:8000" in /etc/nginx/nginx.conf:63
2025/07/19 04:51:20 [emerg] 1#1: host not found in upstream "backend:8000" in /etc/nginx/nginx.conf:63
2025/07/19 04:52:25 [emerg] 1#1: host not found in upstream "backend:8000" in /etc/nginx/nginx.conf:63
2025/07/19 04:53:30 [emerg] 1#1: host not found in upstream "backend:8000" in /etc/nginx/nginx.conf:63
2025/07/19 04:54:35 [emerg] 1#1: host not found in upstream "backend:8000" in /etc/nginx/nginx.conf:63
2025/07/19 04:55:40 [emerg] 1#1: host not found in upstream "backend:8000" in /etc/nginx/nginx.conf:63
2025/07/19 04:56:46 [emerg] 1#1: host not found in upstream "backend:8000" in /etc/nginx/nginx.conf:63
2025/07/19 04:57:51 [emerg] 1#1: host not found in upstream "backend:8000" in /etc/nginx/nginx.conf:63
2025/07/19 04:58:56 [emerg] 1#1: host not found in upstream "backend:8000" in /etc/nginx/nginx.conf:63
2025/07/19 05:00:01 [emerg] 1#1: host not found in upstream "backend:8000" in /etc/nginx/nginx.conf:63
2025/07/19 05:01:06 [emerg] 1#1: host not found in upstream "backend:8000" in /etc/nginx/nginx.conf:63
2025/07/19 05:02:11 [emerg] 1#1: host not found in upstream "backend:8000" in /etc/nginx/nginx.conf:63
2025/07/19 05:03:17 [emerg] 1#1: host not found in upstream "backend:8000" in /etc/nginx/nginx.conf:63
2025/07/19 05:04:22 [emerg] 1#1: host not found in upstream "backend:8000" in /etc/nginx/nginx.conf:63
2025/07/19 05:05:27 [emerg] 1#1: host not found in upstream "backend:8000" in /etc/nginx/nginx.conf:63
2025/07/19 05:06:32 [emerg] 1#1: host not found in upstream "backend:8000" in /etc/nginx/nginx.conf:63
2025/07/19 05:07:37 [emerg] 1#1: host not found in upstream "backend:8000" in /etc/nginx/nginx.conf:63
2025/07/19 05:08:42 [emerg] 1#1: host not found in upstream "backend:8000" in /etc/nginx/nginx.conf:63
2025/07/19 05:09:48 [emerg] 1#1: host not found in upstream "backend:8000" in /etc/nginx/nginx.conf:63
2025/07/19 05:10:53 [emerg] 1#1: host not found in upstream "backend:8000" in /etc/nginx/nginx.conf:63
2025/07/19 05:11:58 [emerg] 1#1: host not found in upstream "backend:8000" in /etc/nginx/nginx.conf:63
2025/07/19 05:13:03 [emerg] 1#1: host not found in upstream "backend:8000" in /etc/nginx/nginx.conf:63
2025/07/19 05:14:08 [emerg] 1#1: host not found in upstream "backend:8000" in /etc/nginx/nginx.conf:63
2025/07/19 05:15:13 [emerg] 1#1: host not found in upstream "backend:8000" in /etc/nginx/nginx.conf:63
2025/07/19 05:16:19 [emerg] 1#1: host not found in upstream "backend:8000" in /etc/nginx/nginx.conf:63
2025/07/19 05:17:24 [emerg] 1#1: host not found in upstream "backend:8000" in /etc/nginx/nginx.conf:63
2025/07/19 05:18:29 [emerg] 1#1: host not found in upstream "backend:8000" in /etc/nginx/nginx.conf:63
2025/07/19 05:19:34 [emerg] 1#1: host not found in upstream "backend:8000" in /etc/nginx/nginx.conf:63
2025/07/19 05:20:39 [emerg] 1#1: host not found in upstream "backend:8000" in /etc/nginx/nginx.conf:63
2025/07/19 05:21:44 [emerg] 1#1: host not found in upstream "backend:8000" in /etc/nginx/nginx.conf:63
2025/07/19 05:22:49 [emerg] 1#1: host not found in upstream "backend:8000" in /etc/nginx/nginx.conf:63
2025/07/19 05:23:55 [emerg] 1#1: host not found in upstream "backend:8000" in /etc/nginx/nginx.conf:63
2025/07/19 05:25:00 [emerg] 1#1: host not found in upstream "backend:8000" in /etc/nginx/nginx.conf:63
2025/07/19 05:26:05 [emerg] 1#1: host not found in upstream "backend:8000" in /etc/nginx/nginx.conf:63
2025/07/19 05:27:10 [emerg] 1#1: host not found in upstream "backend:8000" in /etc/nginx/nginx.conf:63
2025/07/19 05:28:15 [emerg] 1#1: host not found in upstream "backend:8000" in /etc/nginx/nginx.conf:63
2025/07/19 05:29:20 [emerg] 1#1: host not found in upstream "backend:8000" in /etc/nginx/nginx.conf:63
2025/07/19 05:30:26 [emerg] 1#1: host not found in upstream "backend:8000" in /etc/nginx/nginx.conf:63
2025/07/19 05:31:31 [emerg] 1#1: host not found in upstream "backend:8000" in /etc/nginx/nginx.conf:63
2025/07/19 05:32:36 [emerg] 1#1: host not found in upstream "backend:8000" in /etc/nginx/nginx.conf:63
2025/07/19 05:33:41 [emerg] 1#1: host not found in upstream "backend:8000" in /etc/nginx/nginx.conf:63
2025/07/19 05:34:46 [emerg] 1#1: host not found in upstream "backend:8000" in /etc/nginx/nginx.conf:63
2025/07/19 05:35:51 [emerg] 1#1: host not found in upstream "backend:8000" in /etc/nginx/nginx.conf:63
2025/07/19 05:36:56 [emerg] 1#1: host not found in upstream "backend:8000" in /etc/nginx/nginx.conf:63
2025/07/19 05:38:02 [emerg] 1#1: host not found in upstream "backend:8000" in /etc/nginx/nginx.conf:63
2025/07/19 05:39:07 [emerg] 1#1: host not found in upstream "backend:8000" in /etc/nginx/nginx.conf:63
2025/07/19 05:40:12 [emerg] 1#1: host not found in upstream "backend:8000" in /etc/nginx/nginx.conf:63
2025/07/19 05:41:17 [emerg] 1#1: host not found in upstream "backend:8000" in /etc/nginx/nginx.conf:63
2025/07/19 05:42:22 [emerg] 1#1: host not found in upstream "backend:8000" in /etc/nginx/nginx.conf:63
2025/07/19 05:43:27 [emerg] 1#1: host not found in upstream "backend:8000" in /etc/nginx/nginx.conf:63
2025/07/19 05:44:33 [emerg] 1#1: host not found in upstream "backend:8000" in /etc/nginx/nginx.conf:63
2025/07/19 05:45:38 [emerg] 1#1: host not found in upstream "backend:8000" in /etc/nginx/nginx.conf:63
2025/07/19 05:46:43 [emerg] 1#1: host not found in upstream "backend:8000" in /etc/nginx/nginx.conf:63
2025/07/19 05:47:48 [emerg] 1#1: host not found in upstream "backend:8000" in /etc/nginx/nginx.conf:63
2025/07/19 05:48:54 [emerg] 1#1: host not found in upstream "backend:8000" in /etc/nginx/nginx.conf:63
2025/07/19 05:49:59 [emerg] 1#1: host not found in upstream "backend:8000" in /etc/nginx/nginx.conf:63
2025/07/19 05:51:04 [emerg] 1#1: host not found in upstream "backend:8000" in /etc/nginx/nginx.conf:63
2025/07/19 05:52:09 [emerg] 1#1: host not found in upstream "backend:8000" in /etc/nginx/nginx.conf:63
2025/07/19 05:53:15 [emerg] 1#1: host not found in upstream "backend:8000" in /etc/nginx/nginx.conf:63
2025/07/19 05:54:20 [emerg] 1#1: host not found in upstream "backend:8000" in /etc/nginx/nginx.conf:63
2025/07/19 05:55:25 [emerg] 1#1: host not found in upstream "backend:8000" in /etc/nginx/nginx.conf:63
2025/07/19 05:56:30 [emerg] 1#1: host not found in upstream "backend:8000" in /etc/nginx/nginx.conf:63
2025/07/19 05:57:35 [emerg] 1#1: host not found in upstream "backend:8000" in /etc/nginx/nginx.conf:63
2025/07/19 05:58:40 [emerg] 1#1: host not found in upstream "backend:8000" in /etc/nginx/nginx.conf:63
2025/07/19 05:59:46 [emerg] 1#1: host not found in upstream "backend:8000" in /etc/nginx/nginx.conf:63
2025/07/19 06:00:51 [emerg] 1#1: host not found in upstream "backend:8000" in /etc/nginx/nginx.conf:63
2025/07/19 06:01:56 [emerg] 1#1: host not found in upstream "backend:8000" in /etc/nginx/nginx.conf:63
2025/07/19 06:03:01 [emerg] 1#1: host not found in upstream "backend:8000" in /etc/nginx/nginx.conf:63
2025/07/19 06:04:06 [emerg] 1#1: host not found in upstream "backend:8000" in /etc/nginx/nginx.conf:63
2025/07/19 06:05:11 [emerg] 1#1: host not found in upstream "backend:8000" in /etc/nginx/nginx.conf:63
2025/07/19 06:06:17 [emerg] 1#1: host not found in upstream "backend:8000" in /etc/nginx/nginx.conf:63
2025/07/19 06:07:22 [emerg] 1#1: host not found in upstream "backend:8000" in /etc/nginx/nginx.conf:63
2025/07/19 06:08:27 [emerg] 1#1: host not found in upstream "backend:8000" in /etc/nginx/nginx.conf:63
2025/07/19 06:09:32 [emerg] 1#1: host not found in upstream "backend:8000" in /etc/nginx/nginx.conf:63
2025/07/19 06:10:37 [emerg] 1#1: host not found in upstream "backend:8000" in /etc/nginx/nginx.conf:63
2025/07/19 06:11:42 [emerg] 1#1: host not found in upstream "backend:8000" in /etc/nginx/nginx.conf:63
2025/07/19 06:12:48 [emerg] 1#1: host not found in upstream "backend:8000" in /etc/nginx/nginx.conf:63
2025/07/19 06:13:53 [emerg] 1#1: host not found in upstream "backend:8000" in /etc/nginx/nginx.conf:63
2025/07/19 06:14:58 [emerg] 1#1: host not found in upstream "backend:8000" in /etc/nginx/nginx.conf:63
2025/07/19 06:16:03 [emerg] 1#1: host not found in upstream "backend:8000" in /etc/nginx/nginx.conf:63
2025/07/19 06:17:08 [emerg] 1#1: host not found in upstream "backend:8000" in /etc/nginx/nginx.conf:63
2025/07/19 06:18:13 [emerg] 1#1: host not found in upstream "backend:8000" in /etc/nginx/nginx.conf:63
2025/07/19 06:19:18 [emerg] 1#1: host not found in upstream "backend:8000" in /etc/nginx/nginx.conf:63
2025/07/19 06:20:24 [emerg] 1#1: host not found in upstream "backend:8000" in /etc/nginx/nginx.conf:63
2025/07/19 06:21:29 [emerg] 1#1: host not found in upstream "backend:8000" in /etc/nginx/nginx.conf:63
2025/07/19 06:22:34 [emerg] 1#1: host not found in upstream "backend:8000" in /etc/nginx/nginx.conf:63
2025/07/19 06:23:39 [emerg] 1#1: host not found in upstream "backend:8000" in /etc/nginx/nginx.conf:63
2025/07/19 06:24:44 [emerg] 1#1: host not found in upstream "backend:8000" in /etc/nginx/nginx.conf:63
2025/07/19 06:25:49 [emerg] 1#1: host not found in upstream "backend:8000" in /etc/nginx/nginx.conf:63
2025/07/19 06:26:55 [emerg] 1#1: host not found in upstream "backend:8000" in /etc/nginx/nginx.conf:63
2025/07/19 06:28:00 [emerg] 1#1: host not found in upstream "backend:8000" in /etc/nginx/nginx.conf:63
2025/07/19 06:29:05 [emerg] 1#1: host not found in upstream "backend:8000" in /etc/nginx/nginx.conf:63
2025/07/19 06:30:10 [emerg] 1#1: host not found in upstream "backend:8000" in /etc/nginx/nginx.conf:63
2025/07/19 06:31:15 [emerg] 1#1: host not found in upstream "backend:8000" in /etc/nginx/nginx.conf:63
2025/07/19 06:32:20 [emerg] 1#1: host not found in upstream "backend:8000" in /etc/nginx/nginx.conf:63
2025/07/19 06:33:26 [emerg] 1#1: host not found in upstream "backend:8000" in /etc/nginx/nginx.conf:63
2025/07/19 06:34:31 [emerg] 1#1: host not found in upstream "backend:8000" in /etc/nginx/nginx.conf:63
2025/07/19 06:35:36 [emerg] 1#1: host not found in upstream "backend:8000" in /etc/nginx/nginx.conf:63
2025/07/19 06:36:41 [emerg] 1#1: host not found in upstream "backend:8000" in /etc/nginx/nginx.conf:63
2025/07/19 06:37:46 [emerg] 1#1: host not found in upstream "backend:8000" in /etc/nginx/nginx.conf:63
2025/07/19 06:38:51 [emerg] 1#1: host not found in upstream "backend:8000" in /etc/nginx/nginx.conf:63
2025/07/19 06:39:56 [emerg] 1#1: host not found in upstream "backend:8000" in /etc/nginx/nginx.conf:63
2025/07/19 06:41:02 [emerg] 1#1: host not found in upstream "backend:8000" in /etc/nginx/nginx.conf:63
2025/07/19 06:42:07 [emerg] 1#1: host not found in upstream "backend:8000" in /etc/nginx/nginx.conf:63
2025/07/19 06:43:12 [emerg] 1#1: host not found in upstream "backend:8000" in /etc/nginx/nginx.conf:63
2025/07/19 06:44:17 [emerg] 1#1: host not found in upstream "backend:8000" in /etc/nginx/nginx.conf:63
2025/07/19 06:45:22 [emerg] 1#1: host not found in upstream "backend:8000" in /etc/nginx/nginx.conf:63
2025/07/19 06:46:27 [emerg] 1#1: host not found in upstream "backend:8000" in /etc/nginx/nginx.conf:63
2025/07/19 06:47:33 [emerg] 1#1: host not found in upstream "backend:8000" in /etc/nginx/nginx.conf:63
2025/07/19 06:48:38 [emerg] 1#1: host not found in upstream "backend:8000" in /etc/nginx/nginx.conf:63
2025/07/19 06:49:43 [emerg] 1#1: host not found in upstream "backend:8000" in /etc/nginx/nginx.conf:63
2025/07/19 06:50:48 [emerg] 1#1: host not found in upstream "backend:8000" in /etc/nginx/nginx.conf:63
2025/07/19 06:51:53 [emerg] 1#1: host not found in upstream "backend:8000" in /etc/nginx/nginx.conf:63
2025/07/19 06:52:58 [emerg] 1#1: host not found in upstream "backend:8000" in /etc/nginx/nginx.conf:63
2025/07/19 06:54:04 [emerg] 1#1: host not found in upstream "backend:8000" in /etc/nginx/nginx.conf:63
2025/07/19 06:55:09 [emerg] 1#1: host not found in upstream "backend:8000" in /etc/nginx/nginx.conf:63
2025/07/19 06:56:14 [emerg] 1#1: host not found in upstream "backend:8000" in /etc/nginx/nginx.conf:63
2025/07/19 06:57:19 [emerg] 1#1: host not found in upstream "backend:8000" in /etc/nginx/nginx.conf:63
2025/07/19 06:58:24 [emerg] 1#1: host not found in upstream "backend:8000" in /etc/nginx/nginx.conf:63
2025/07/19 06:59:29 [emerg] 1#1: host not found in upstream "backend:8000" in /etc/nginx/nginx.conf:63
2025/07/19 07:00:34 [emerg] 1#1: host not found in upstream "backend:8000" in /etc/nginx/nginx.conf:63
2025/07/19 07:01:40 [emerg] 1#1: host not found in upstream "backend:8000" in /etc/nginx/nginx.conf:63
2025/07/19 07:02:45 [emerg] 1#1: host not found in upstream "backend:8000" in /etc/nginx/nginx.conf:63
2025/07/19 07:03:50 [emerg] 1#1: host not found in upstream "backend:8000" in /etc/nginx/nginx.conf:63
2025/07/19 07:04:55 [emerg] 1#1: host not found in upstream "backend:8000" in /etc/nginx/nginx.conf:63
2025/07/19 07:06:00 [emerg] 1#1: host not found in upstream "backend:8000" in /etc/nginx/nginx.conf:63
2025/07/19 07:07:05 [emerg] 1#1: host not found in upstream "backend:8000" in /etc/nginx/nginx.conf:63
2025/07/19 07:08:11 [emerg] 1#1: host not found in upstream "backend:8000" in /etc/nginx/nginx.conf:63
2025/07/19 07:09:16 [emerg] 1#1: host not found in upstream "backend:8000" in /etc/nginx/nginx.conf:63
2025/07/19 07:10:21 [emerg] 1#1: host not found in upstream "backend:8000" in /etc/nginx/nginx.conf:63
2025/07/19 07:11:26 [emerg] 1#1: host not found in upstream "backend:8000" in /etc/nginx/nginx.conf:63
2025/07/19 07:12:31 [emerg] 1#1: host not found in upstream "backend:8000" in /etc/nginx/nginx.conf:63
2025/07/19 07:13:36 [emerg] 1#1: host not found in upstream "backend:8000" in /etc/nginx/nginx.conf:63
2025/07/19 07:14:42 [emerg] 1#1: host not found in upstream "backend:8000" in /etc/nginx/nginx.conf:63
2025/07/19 07:15:47 [emerg] 1#1: host not found in upstream "backend:8000" in /etc/nginx/nginx.conf:63
2025/07/19 07:16:52 [emerg] 1#1: host not found in upstream "backend:8000" in /etc/nginx/nginx.conf:63
2025/07/19 07:17:57 [emerg] 1#1: host not found in upstream "backend:8000" in /etc/nginx/nginx.conf:63
2025/07/19 07:19:02 [emerg] 1#1: host not found in upstream "backend:8000" in /etc/nginx/nginx.conf:63
2025/07/19 07:20:07 [emerg] 1#1: host not found in upstream "backend:8000" in /etc/nginx/nginx.conf:63
2025/07/19 07:21:12 [emerg] 1#1: host not found in upstream "backend:8000" in /etc/nginx/nginx.conf:63
2025/07/19 07:22:18 [emerg] 1#1: host not found in upstream "backend:8000" in /etc/nginx/nginx.conf:63
2025/07/19 07:23:23 [emerg] 1#1: host not found in upstream "backend:8000" in /etc/nginx/nginx.conf:63
2025/07/19 07:24:28 [emerg] 1#1: host not found in upstream "backend:8000" in /etc/nginx/nginx.conf:63
2025/07/19 07:25:33 [emerg] 1#1: host not found in upstream "backend:8000" in /etc/nginx/nginx.conf:63
2025/07/19 07:26:38 [emerg] 1#1: host not found in upstream "backend:8000" in /etc/nginx/nginx.conf:63
2025/07/19 07:27:43 [emerg] 1#1: host not found in upstream "backend:8000" in /etc/nginx/nginx.conf:63
2025/07/19 07:28:49 [emerg] 1#1: host not found in upstream "backend:8000" in /etc/nginx/nginx.conf:63
2025/07/19 07:29:54 [emerg] 1#1: host not found in upstream "backend:8000" in /etc/nginx/nginx.conf:63
2025/07/19 07:30:59 [emerg] 1#1: host not found in upstream "backend:8000" in /etc/nginx/nginx.conf:63
2025/07/19 07:32:04 [emerg] 1#1: host not found in upstream "backend:8000" in /etc/nginx/nginx.conf:63
2025/07/19 07:33:09 [emerg] 1#1: host not found in upstream "backend:8000" in /etc/nginx/nginx.conf:63
2025/07/19 07:34:14 [emerg] 1#1: host not found in upstream "backend:8000" in /etc/nginx/nginx.conf:63
2025/07/19 07:35:19 [emerg] 1#1: host not found in upstream "backend:8000" in /etc/nginx/nginx.conf:63
2025/07/19 07:36:25 [emerg] 1#1: host not found in upstream "backend:8000" in /etc/nginx/nginx.conf:63
2025/07/19 07:37:30 [emerg] 1#1: host not found in upstream "backend:8000" in /etc/nginx/nginx.conf:63
2025/07/19 07:38:35 [emerg] 1#1: host not found in upstream "backend:8000" in /etc/nginx/nginx.conf:63
2025/07/19 07:39:40 [emerg] 1#1: host not found in upstream "backend:8000" in /etc/nginx/nginx.conf:63
2025/07/19 07:40:45 [emerg] 1#1: host not found in upstream "backend:8000" in /etc/nginx/nginx.conf:63
2025/07/19 07:41:50 [emerg] 1#1: host not found in upstream "backend:8000" in /etc/nginx/nginx.conf:63
2025/07/19 07:42:56 [emerg] 1#1: host not found in upstream "backend:8000" in /etc/nginx/nginx.conf:63
2025/07/19 07:44:01 [emerg] 1#1: host not found in upstream "backend:8000" in /etc/nginx/nginx.conf:63
2025/07/19 07:45:06 [emerg] 1#1: host not found in upstream "backend:8000" in /etc/nginx/nginx.conf:63
2025/07/19 07:46:11 [emerg] 1#1: host not found in upstream "backend:8000" in /etc/nginx/nginx.conf:63
2025/07/19 07:47:16 [emerg] 1#1: host not found in upstream "backend:8000" in /etc/nginx/nginx.conf:63
2025/07/19 07:48:21 [emerg] 1#1: host not found in upstream "backend:8000" in /etc/nginx/nginx.conf:63
2025/07/19 07:49:27 [emerg] 1#1: host not found in upstream "backend:8000" in /etc/nginx/nginx.conf:63
2025/07/19 07:50:32 [emerg] 1#1: host not found in upstream "backend:8000" in /etc/nginx/nginx.conf:63
2025/07/19 07:51:37 [emerg] 1#1: host not found in upstream "backend:8000" in /etc/nginx/nginx.conf:63
2025/07/19 07:52:42 [emerg] 1#1: host not found in upstream "backend:8000" in /etc/nginx/nginx.conf:63
2025/07/19 07:53:47 [emerg] 1#1: host not found in upstream "backend:8000" in /etc/nginx/nginx.conf:63
2025/07/19 07:54:52 [emerg] 1#1: host not found in upstream "backend:8000" in /etc/nginx/nginx.conf:63
2025/07/19 07:55:58 [emerg] 1#1: host not found in upstream "backend:8000" in /etc/nginx/nginx.conf:63
2025/07/19 07:57:03 [emerg] 1#1: host not found in upstream "backend:8000" in /etc/nginx/nginx.conf:63
2025/07/19 07:58:08 [emerg] 1#1: host not found in upstream "backend:8000" in /etc/nginx/nginx.conf:63
2025/07/19 07:59:13 [emerg] 1#1: host not found in upstream "backend:8000" in /etc/nginx/nginx.conf:63
2025/07/19 08:00:18 [emerg] 1#1: host not found in upstream "backend:8000" in /etc/nginx/nginx.conf:63
2025/07/19 08:01:23 [emerg] 1#1: host not found in upstream "backend:8000" in /etc/nginx/nginx.conf:63
2025/07/19 08:02:29 [emerg] 1#1: host not found in upstream "backend:8000" in /etc/nginx/nginx.conf:63
2025/07/19 08:03:34 [emerg] 1#1: host not found in upstream "backend:8000" in /etc/nginx/nginx.conf:63
2025/07/19 08:04:39 [emerg] 1#1: host not found in upstream "backend:8000" in /etc/nginx/nginx.conf:63
2025/07/19 08:05:44 [emerg] 1#1: host not found in upstream "backend:8000" in /etc/nginx/nginx.conf:63
2025/07/19 08:06:50 [emerg] 1#1: host not found in upstream "backend:8000" in /etc/nginx/nginx.conf:63
2025/07/19 08:07:55 [emerg] 1#1: host not found in upstream "backend:8000" in /etc/nginx/nginx.conf:63
2025/07/19 08:09:00 [emerg] 1#1: host not found in upstream "backend:8000" in /etc/nginx/nginx.conf:63
2025/07/19 08:10:05 [emerg] 1#1: host not found in upstream "backend:8000" in /etc/nginx/nginx.conf:63
2025/07/19 08:11:11 [emerg] 1#1: host not found in upstream "backend:8000" in /etc/nginx/nginx.conf:63
2025/07/19 08:12:16 [emerg] 1#1: host not found in upstream "backend:8000" in /etc/nginx/nginx.conf:63
2025/07/19 08:13:21 [emerg] 1#1: host not found in upstream "backend:8000" in /etc/nginx/nginx.conf:63
2025/07/19 08:14:26 [emerg] 1#1: host not found in upstream "backend:8000" in /etc/nginx/nginx.conf:63
2025/07/19 08:15:32 [emerg] 1#1: host not found in upstream "backend:8000" in /etc/nginx/nginx.conf:63
2025/07/19 08:16:37 [emerg] 1#1: host not found in upstream "backend:8000" in /etc/nginx/nginx.conf:63
2025/07/19 08:17:42 [emerg] 1#1: host not found in upstream "backend:8000" in /etc/nginx/nginx.conf:63
2025/07/19 08:18:47 [emerg] 1#1: host not found in upstream "backend:8000" in /etc/nginx/nginx.conf:63
2025/07/19 08:19:53 [emerg] 1#1: host not found in upstream "backend:8000" in /etc/nginx/nginx.conf:63
2025/07/19 08:20:58 [emerg] 1#1: host not found in upstream "backend:8000" in /etc/nginx/nginx.conf:63
2025/07/19 08:22:03 [emerg] 1#1: host not found in upstream "backend:8000" in /etc/nginx/nginx.conf:63
2025/07/19 08:23:08 [emerg] 1#1: host not found in upstream "backend:8000" in /etc/nginx/nginx.conf:63
2025/07/19 08:24:14 [emerg] 1#1: host not found in upstream "backend:8000" in /etc/nginx/nginx.conf:63
2025/07/19 08:25:19 [emerg] 1#1: host not found in upstream "backend:8000" in /etc/nginx/nginx.conf:63
2025/07/19 08:26:24 [emerg] 1#1: host not found in upstream "backend:8000" in /etc/nginx/nginx.conf:63
2025/07/19 08:27:29 [emerg] 1#1: host not found in upstream "backend:8000" in /etc/nginx/nginx.conf:63
2025/07/19 08:28:35 [emerg] 1#1: host not found in upstream "backend:8000" in /etc/nginx/nginx.conf:63
2025/07/19 08:29:40 [emerg] 1#1: host not found in upstream "backend:8000" in /etc/nginx/nginx.conf:63
2025/07/19 08:30:45 [emerg] 1#1: host not found in upstream "backend:8000" in /etc/nginx/nginx.conf:63
2025/07/19 08:31:50 [emerg] 1#1: host not found in upstream "backend:8000" in /etc/nginx/nginx.conf:63
2025/07/19 08:32:56 [emerg] 1#1: host not found in upstream "backend:8000" in /etc/nginx/nginx.conf:63
2025/07/19 08:34:01 [emerg] 1#1: host not found in upstream "backend:8000" in /etc/nginx/nginx.conf:63
2025/07/19 08:35:06 [emerg] 1#1: host not found in upstream "backend:8000" in /etc/nginx/nginx.conf:63
2025/07/19 08:36:11 [emerg] 1#1: host not found in upstream "backend:8000" in /etc/nginx/nginx.conf:63
2025/07/19 08:37:17 [emerg] 1#1: host not found in upstream "backend:8000" in /etc/nginx/nginx.conf:63
2025/07/19 08:38:22 [emerg] 1#1: host not found in upstream "backend:8000" in /etc/nginx/nginx.conf:63
2025/07/19 08:39:27 [emerg] 1#1: host not found in upstream "backend:8000" in /etc/nginx/nginx.conf:63
2025/07/19 08:40:32 [emerg] 1#1: host not found in upstream "backend:8000" in /etc/nginx/nginx.conf:63
2025/07/19 08:41:38 [emerg] 1#1: host not found in upstream "backend:8000" in /etc/nginx/nginx.conf:63
2025/07/19 08:42:43 [emerg] 1#1: host not found in upstream "backend:8000" in /etc/nginx/nginx.conf:63
2025/07/19 08:43:48 [emerg] 1#1: host not found in upstream "backend:8000" in /etc/nginx/nginx.conf:63
2025/07/19 08:44:53 [emerg] 1#1: host not found in upstream "backend:8000" in /etc/nginx/nginx.conf:63
2025/07/19 08:45:59 [emerg] 1#1: host not found in upstream "backend:8000" in /etc/nginx/nginx.conf:63
2025/07/19 08:47:04 [emerg] 1#1: host not found in upstream "backend:8000" in /etc/nginx/nginx.conf:63
2025/07/19 08:48:09 [emerg] 1#1: host not found in upstream "backend:8000" in /etc/nginx/nginx.conf:63
2025/07/19 08:49:14 [emerg] 1#1: host not found in upstream "backend:8000" in /etc/nginx/nginx.conf:63
2025/07/19 08:50:20 [emerg] 1#1: host not found in upstream "backend:8000" in /etc/nginx/nginx.conf:63
2025/07/19 08:51:25 [emerg] 1#1: host not found in upstream "backend:8000" in /etc/nginx/nginx.conf:63
2025/07/19 13:48:18 [emerg] 1#1: host not found in upstream "backend:8000" in /etc/nginx/nginx.conf:63
2025/07/19 13:49:23 [emerg] 1#1: host not found in upstream "backend:8000" in /etc/nginx/nginx.conf:63
2025/07/19 13:50:28 [emerg] 1#1: host not found in upstream "backend:8000" in /etc/nginx/nginx.conf:63
2025/07/19 13:51:34 [emerg] 1#1: host not found in upstream "backend:8000" in /etc/nginx/nginx.conf:63
2025/07/19 13:52:39 [emerg] 1#1: host not found in upstream "backend:8000" in /etc/nginx/nginx.conf:63
2025/07/19 13:53:44 [emerg] 1#1: host not found in upstream "backend:8000" in /etc/nginx/nginx.conf:63
2025/07/19 13:54:49 [emerg] 1#1: host not found in upstream "backend:8000" in /etc/nginx/nginx.conf:63
2025/07/19 13:55:55 [emerg] 1#1: host not found in upstream "backend:8000" in /etc/nginx/nginx.conf:63
2025/07/19 13:57:00 [emerg] 1#1: host not found in upstream "backend:8000" in /etc/nginx/nginx.conf:63
2025/07/19 13:58:05 [emerg] 1#1: host not found in upstream "backend:8000" in /etc/nginx/nginx.conf:63
2025/07/19 13:59:10 [emerg] 1#1: host not found in upstream "backend:8000" in /etc/nginx/nginx.conf:63
2025/07/19 14:00:15 [emerg] 1#1: host not found in upstream "backend:8000" in /etc/nginx/nginx.conf:63
2025/07/19 14:01:21 [emerg] 1#1: host not found in upstream "backend:8000" in /etc/nginx/nginx.conf:63
2025/07/19 14:02:26 [emerg] 1#1: host not found in upstream "backend:8000" in /etc/nginx/nginx.conf:63
2025/07/19 14:03:31 [emerg] 1#1: host not found in upstream "backend:8000" in /etc/nginx/nginx.conf:63
2025/07/19 14:26:42 [emerg] 1#1: host not found in upstream "backend:8000" in /etc/nginx/nginx.conf:63
2025/07/19 14:27:47 [emerg] 1#1: host not found in upstream "backend:8000" in /etc/nginx/nginx.conf:63
2025/07/19 14:28:52 [emerg] 1#1: host not found in upstream "backend:8000" in /etc/nginx/nginx.conf:63
2025/07/19 14:29:57 [emerg] 1#1: host not found in upstream "backend:8000" in /etc/nginx/nginx.conf:63
2025/07/19 14:31:03 [emerg] 1#1: host not found in upstream "backend:8000" in /etc/nginx/nginx.conf:63
2025/07/19 14:32:08 [emerg] 1#1: host not found in upstream "backend:8000" in /etc/nginx/nginx.conf:63
2025/07/19 14:33:13 [emerg] 1#1: host not found in upstream "backend:8000" in /etc/nginx/nginx.conf:63
2025/07/19 14:34:19 [emerg] 1#1: host not found in upstream "backend:8000" in /etc/nginx/nginx.conf:63
2025/07/19 14:35:24 [emerg] 1#1: host not found in upstream "backend:8000" in /etc/nginx/nginx.conf:63
2025/07/19 14:36:29 [emerg] 1#1: host not found in upstream "backend:8000" in /etc/nginx/nginx.conf:63
2025/07/19 14:37:34 [emerg] 1#1: host not found in upstream "backend:8000" in /etc/nginx/nginx.conf:63
2025/07/19 14:38:40 [emerg] 1#1: host not found in upstream "backend:8000" in /etc/nginx/nginx.conf:63
2025/07/19 14:39:45 [emerg] 1#1: host not found in upstream "backend:8000" in /etc/nginx/nginx.conf:63
2025/07/19 14:40:50 [emerg] 1#1: host not found in upstream "backend:8000" in /etc/nginx/nginx.conf:63
2025/07/19 14:41:55 [emerg] 1#1: host not found in upstream "backend:8000" in /etc/nginx/nginx.conf:63
2025/07/19 14:43:01 [emerg] 1#1: host not found in upstream "backend:8000" in /etc/nginx/nginx.conf:63
2025/07/19 14:44:06 [emerg] 1#1: host not found in upstream "backend:8000" in /etc/nginx/nginx.conf:63
2025/07/19 14:45:11 [emerg] 1#1: host not found in upstream "backend:8000" in /etc/nginx/nginx.conf:63
2025/07/19 14:46:16 [emerg] 1#1: host not found in upstream "backend:8000" in /etc/nginx/nginx.conf:63
2025/07/19 14:47:22 [emerg] 1#1: host not found in upstream "backend:8000" in /etc/nginx/nginx.conf:63
2025/07/19 14:48:27 [emerg] 1#1: host not found in upstream "backend:8000" in /etc/nginx/nginx.conf:63
2025/07/19 14:49:32 [emerg] 1#1: host not found in upstream "backend:8000" in /etc/nginx/nginx.conf:63
2025/07/19 14:50:38 [emerg] 1#1: host not found in upstream "backend:8000" in /etc/nginx/nginx.conf:63
2025/07/19 14:51:43 [emerg] 1#1: host not found in upstream "backend:8000" in /etc/nginx/nginx.conf:63
2025/07/19 14:52:48 [emerg] 1#1: host not found in upstream "backend:8000" in /etc/nginx/nginx.conf:63
2025/07/19 14:53:54 [emerg] 1#1: host not found in upstream "backend:8000" in /etc/nginx/nginx.conf:63
2025/07/19 14:54:59 [emerg] 1#1: host not found in upstream "backend:8000" in /etc/nginx/nginx.conf:63
2025/07/19 14:56:04 [emerg] 1#1: host not found in upstream "backend:8000" in /etc/nginx/nginx.conf:63
2025/07/19 14:57:09 [emerg] 1#1: host not found in upstream "backend-members:8000" in /etc/nginx/nginx.conf:63
2025/07/19 14:58:15 [emerg] 1#1: host not found in upstream "backend-members:8000" in /etc/nginx/nginx.conf:63
2025/07/19 14:59:20 [emerg] 1#1: host not found in upstream "backend-members:8000" in /etc/nginx/nginx.conf:63
2025/07/19 15:00:25 [emerg] 1#1: host not found in upstream "backend-members:8000" in /etc/nginx/nginx.conf:63
2025/07/19 15:01:31 [emerg] 1#1: host not found in upstream "backend-members:8000" in /etc/nginx/nginx.conf:63
2025/07/19 15:02:36 [emerg] 1#1: host not found in upstream "backend-members:8000" in /etc/nginx/nginx.conf:63
2025/07/19 15:03:01 [emerg] 1#1: host not found in upstream "backend" in /etc/nginx/conf.d/default.conf:72
2025/07/19 15:03:07 [emerg] 1#1: host not found in upstream "backend" in /etc/nginx/conf.d/default.conf:72
2025/07/19 15:03:12 [emerg] 1#1: host not found in upstream "backend" in /etc/nginx/conf.d/default.conf:72
2025/07/19 15:03:18 [emerg] 1#1: host not found in upstream "backend" in /etc/nginx/conf.d/default.conf:72
2025/07/19 15:03:24 [emerg] 1#1: host not found in upstream "backend" in /etc/nginx/conf.d/default.conf:72
2025/07/19 15:03:33 [emerg] 1#1: host not found in upstream "backend-members:8000" in /etc/nginx/nginx.conf:63
2025/07/19 15:03:42 [emerg] 1#1: host not found in upstream "backend-members:8000" in /etc/nginx/nginx.conf:63
2025/07/19 15:03:53 [emerg] 1#1: host not found in upstream "backend-events:8000" in /etc/nginx/nginx.conf:70
2025/07/19 15:04:12 [emerg] 1#1: host not found in upstream "backend-members:8000" in /etc/nginx/nginx.conf:63
2025/07/19 15:04:42 [emerg] 1#1: host not found in upstream "backend-members:8000" in /etc/nginx/nginx.conf:63
2025/07/19 15:05:39 [emerg] 1#1: host not found in upstream "backend-members:8000" in /etc/nginx/nginx.conf:63
2025/07/19 15:06:44 [emerg] 1#1: host not found in upstream "backend-members:8000" in /etc/nginx/nginx.conf:63
2025/07/19 15:07:49 [emerg] 1#1: host not found in upstream "backend-members:8000" in /etc/nginx/nginx.conf:63
2025/07/19 15:08:55 [emerg] 1#1: host not found in upstream "backend-members:8000" in /etc/nginx/nginx.conf:63
2025/07/19 15:10:00 [emerg] 1#1: host not found in upstream "backend-members:8000" in /etc/nginx/nginx.conf:63
2025/07/19 15:11:05 [emerg] 1#1: host not found in upstream "backend-members:8000" in /etc/nginx/nginx.conf:63
2025/07/19 15:12:11 [emerg] 1#1: host not found in upstream "backend-members:8000" in /etc/nginx/nginx.conf:63
2025/07/19 15:13:16 [emerg] 1#1: host not found in upstream "backend-members:8000" in /etc/nginx/nginx.conf:63
2025/07/19 15:14:21 [emerg] 1#1: host not found in upstream "backend-members:8000" in /etc/nginx/nginx.conf:63
2025/07/19 15:15:26 [emerg] 1#1: host not found in upstream "backend-members:8000" in /etc/nginx/nginx.conf:63
2025/07/19 15:16:32 [emerg] 1#1: host not found in upstream "backend-members:8000" in /etc/nginx/nginx.conf:63
2025/07/19 15:17:37 [emerg] 1#1: host not found in upstream "backend-members:8000" in /etc/nginx/nginx.conf:63
2025/07/20 01:27:32 [emerg] 1#1: host not found in upstream "backend" in /etc/nginx/conf.d/default.conf:72
2025/07/20 01:27:38 [emerg] 1#1: host not found in upstream "backend" in /etc/nginx/conf.d/default.conf:72
2025/07/20 01:27:43 [emerg] 1#1: host not found in upstream "backend" in /etc/nginx/conf.d/default.conf:72
2025/07/20 01:27:49 [emerg] 1#1: host not found in upstream "backend" in /etc/nginx/conf.d/default.conf:72
2025/07/20 01:27:57 [emerg] 1#1: host not found in upstream "backend-members:8000" in /etc/nginx/nginx.conf:63
2025/07/20 01:28:04 [emerg] 1#1: host not found in upstream "backend" in /etc/nginx/conf.d/default.conf:72
2025/07/20 01:28:13 [emerg] 1#1: host not found in upstream "backend-members:8000" in /etc/nginx/nginx.conf:63
2025/07/20 01:28:24 [emerg] 1#1: host not found in upstream "backend-members:8000" in /etc/nginx/nginx.conf:63
2025/07/20 01:28:43 [emerg] 1#1: host not found in upstream "backend-members:8000" in /etc/nginx/nginx.conf:63
2025/07/20 01:29:13 [emerg] 1#1: host not found in upstream "backend-members:8000" in /etc/nginx/nginx.conf:63
2025/09/29 13:26:58 [error] 21#21: *1 connect() failed (111: Connection refused) while connecting to upstream, client: 172.19.0.1, server: localhost, request: "GET /_next/webpack-hmr HTTP/1.1", upstream: "http://172.19.0.4:3000/_next/webpack-hmr", host: "localhost"
2025/09/29 13:27:03 [error] 21#21: *3 connect() failed (111: Connection refused) while connecting to upstream, client: 172.19.0.1, server: localhost, request: "GET /_next/webpack-hmr HTTP/1.1", upstream: "http://172.19.0.4:3000/_next/webpack-hmr", host: "localhost"
2025/09/29 13:30:36 [error] 21#21: *2 connect() failed (111: Connection refused) while connecting to upstream, client: 172.19.0.1, server: localhost, request: "GET / HTTP/1.1", upstream: "http://172.19.0.4:3000/", host: "localhost", referrer: "http://localhost/"
2025/09/29 13:30:36 [error] 21#21: *2 connect() failed (111: Connection refused) while connecting to upstream, client: 172.19.0.1, server: localhost, request: "GET /favicon.ico HTTP/1.1", upstream: "http://172.19.0.4:3000/favicon.ico", host: "localhost", referrer: "http://localhost/"
2025/09/29 13:30:39 [error] 21#21: *7 connect() failed (111: Connection refused) while connecting to upstream, client: 172.19.0.1, server: localhost, request: "GET / HTTP/1.1", upstream: "http://172.19.0.4:3000/", host: "localhost", referrer: "http://localhost/"
2025/09/29 13:30:40 [error] 21#21: *7 connect() failed (111: Connection refused) while connecting to upstream, client: 172.19.0.1, server: localhost, request: "GET /favicon.ico HTTP/1.1", upstream: "http://172.19.0.4:3000/favicon.ico", host: "localhost", referrer: "http://localhost/"
2025/09/29 13:47:01 [error] 21#21: *1 connect() failed (111: Connection refused) while connecting to upstream, client: 172.19.0.1, server: localhost, request: "GET / HTTP/1.1", upstream: "http://172.19.0.4:3000/", host: "localhost", referrer: "http://localhost/"
2025/09/29 13:47:06 [error] 21#21: *3 connect() failed (111: Connection refused) while connecting to upstream, client: 172.19.0.1, server: localhost, request: "GET / HTTP/1.1", upstream: "http://172.19.0.4:3000/", host: "localhost", referrer: "http://localhost/"
2025/09/29 13:47:06 [error] 21#21: *3 connect() failed (111: Connection refused) while connecting to upstream, client: 172.19.0.1, server: localhost, request: "GET /favicon.ico HTTP/1.1", upstream: "http://172.19.0.4:3000/favicon.ico", host: "localhost", referrer: "http://localhost/"
2025/09/29 14:54:11 [error] 21#21: *88 connect() failed (111: Connection refused) while connecting to upstream, client: 172.19.0.1, server: localhost, request: "GET / HTTP/1.1", upstream: "http://172.19.0.4:3000/", host: "localhost", referrer: "http://localhost/"
2025/09/29 14:56:35 [error] 21#21: *164 upstream timed out (110: Operation timed out) while reading response header from upstream, client: 172.19.0.1, server: localhost, request: "GET / HTTP/1.1", upstream: "http://172.19.0.4:3000/", host: "localhost", referrer: "http://localhost/"
2025/09/29 17:02:49 [warn] 23#23: *1390 a client request body is buffered to a temporary file /var/cache/nginx/client_temp/0000000001, client: 172.19.0.1, server: localhost, request: "POST /__nextjs_original-stack-frames HTTP/1.1", host: "localhost", referrer: "http://localhost/"
2025/09/29 17:02:49 [warn] 23#23: *1392 a client request body is buffered to a temporary file /var/cache/nginx/client_temp/0000000002, client: 172.19.0.1, server: localhost, request: "POST /__nextjs_original-stack-frames HTTP/1.1", host: "localhost", referrer: "http://localhost/"
2025/09/29 17:02:49 [warn] 23#23: *1394 a client request body is buffered to a temporary file /var/cache/nginx/client_temp/0000000003, client: 172.19.0.1, server: localhost, request: "POST /__nextjs_original-stack-frames HTTP/1.1", host: "localhost", referrer: "http://localhost/"
2025/09/29 17:06:40 [warn] 23#23: *1443 a client request body is buffered to a temporary file /var/cache/nginx/client_temp/0000000004, client: 172.19.0.1, server: localhost, request: "POST /__nextjs_original-stack-frames HTTP/1.1", host: "localhost", referrer: "http://localhost/"
2025/09/29 17:06:40 [warn] 23#23: *1449 a client request body is buffered to a temporary file /var/cache/nginx/client_temp/0000000005, client: 172.19.0.1, server: localhost, request: "POST /__nextjs_original-stack-frames HTTP/1.1", host: "localhost", referrer: "http://localhost/"
2025/09/29 17:23:15 [warn] 23#23: *1787 a client request body is buffered to a temporary file /var/cache/nginx/client_temp/0000000006, client: 172.19.0.1, server: localhost, request: "POST /__nextjs_original-stack-frames HTTP/1.1", host: "localhost", referrer: "http://localhost/"
2025/09/29 17:23:15 [warn] 23#23: *1789 a client request body is buffered to a temporary file /var/cache/nginx/client_temp/0000000007, client: 172.19.0.1, server: localhost, request: "POST /__nextjs_original-stack-frames HTTP/1.1", host: "localhost", referrer: "http://localhost/"
2025/09/29 17:27:22 [warn] 23#23: *1831 a client request body is buffered to a temporary file /var/cache/nginx/client_temp/0000000008, client: 172.19.0.1, server: localhost, request: "POST /__nextjs_original-stack-frames HTTP/1.1", host: "localhost", referrer: "http://localhost/"
2025/09/29 17:27:22 [warn] 23#23: *1833 a client request body is buffered to a temporary file /var/cache/nginx/client_temp/0000000009, client: 172.19.0.1, server: localhost, request: "POST /__nextjs_original-stack-frames HTTP/1.1", host: "localhost", referrer: "http://localhost/"
2025/09/29 17:27:22 [warn] 23#23: *1841 a client request body is buffered to a temporary file /var/cache/nginx/client_temp/0000000010, client: 172.19.0.1, server: localhost, request: "POST /__nextjs_original-stack-frames HTTP/1.1", host: "localhost", referrer: "http://localhost/"
